<?xml version="1.0" encoding="UTF-8"?>
<coverage generated="1770750504396" clover="3.2.0">
  <project timestamp="1770750504419" name="All files">
    <metrics statements="427" coveredstatements="410" conditionals="165" coveredconditionals="149" methods="92" coveredmethods="91" elements="684" coveredelements="650" complexity="0" loc="427" ncloc="427" packages="1" files="22" classes="22"/>
    <file name="balanced-parans.ts" path="C:\repos\ts\interview-questions\src\balanced-parans.ts">
      <metrics statements="33" coveredstatements="22" conditionals="20" coveredconditionals="14" methods="4" coveredmethods="3"/>
      <line num="4" count="16" type="stmt"/>
      <line num="5" count="16" type="stmt"/>
      <line num="6" count="16" type="stmt"/>
      <line num="8" count="16" type="stmt"/>
      <line num="9" count="94" type="cond" truecount="2" falsecount="0"/>
      <line num="10" count="32" type="stmt"/>
      <line num="11" count="62" type="cond" truecount="2" falsecount="0"/>
      <line num="12" count="32" type="stmt"/>
      <line num="15" count="94" type="cond" truecount="2" falsecount="0"/>
      <line num="19" count="4" type="stmt"/>
      <line num="23" count="12" type="stmt"/>
      <line num="29" count="8" type="stmt"/>
      <line num="30" count="8" type="stmt"/>
      <line num="31" count="8" type="stmt"/>
      <line num="32" count="8" type="stmt"/>
      <line num="33" count="51" type="cond" truecount="2" falsecount="0"/>
      <line num="34" count="19" type="stmt"/>
      <line num="36" count="51" type="cond" truecount="2" falsecount="0"/>
      <line num="37" count="17" type="stmt"/>
      <line num="39" count="51" type="cond" truecount="2" falsecount="0"/>
      <line num="40" count="2" type="stmt"/>
      <line num="44" count="8" type="cond" truecount="2" falsecount="0"/>
      <line num="50" count="0" type="stmt"/>
      <line num="51" count="0" type="stmt"/>
      <line num="52" count="0" type="stmt"/>
      <line num="54" count="0" type="stmt"/>
      <line num="55" count="0" type="cond" truecount="0" falsecount="2"/>
      <line num="56" count="0" type="stmt"/>
      <line num="57" count="0" type="cond" truecount="0" falsecount="2"/>
      <line num="58" count="0" type="stmt"/>
      <line num="61" count="0" type="cond" truecount="0" falsecount="2"/>
      <line num="62" count="0" type="stmt"/>
      <line num="66" count="0" type="stmt"/>
    </file>
    <file name="bank.ts" path="C:\repos\ts\interview-questions\src\bank.ts">
      <metrics statements="51" coveredstatements="50" conditionals="31" coveredconditionals="27" methods="5" coveredmethods="5"/>
      <line num="1" count="1" type="stmt"/>
      <line num="2" count="1" type="stmt"/>
      <line num="3" count="1" type="stmt"/>
      <line num="5" count="1" type="stmt"/>
      <line num="13" count="1" type="stmt"/>
      <line num="23" count="13" type="stmt"/>
      <line num="26" count="13" type="cond" truecount="1" falsecount="1"/>
      <line num="27" count="0" type="stmt"/>
      <line num="31" count="13" type="stmt"/>
      <line num="33" count="13" type="stmt"/>
      <line num="37" count="104" type="stmt"/>
      <line num="41" count="104" type="cond" truecount="5" falsecount="0"/>
      <line num="43" count="13" type="stmt"/>
      <line num="44" count="13" type="stmt"/>
      <line num="46" count="33" type="stmt"/>
      <line num="47" count="33" type="stmt"/>
      <line num="49" count="23" type="stmt"/>
      <line num="50" count="23" type="stmt"/>
      <line num="52" count="22" type="stmt"/>
      <line num="53" count="22" type="stmt"/>
      <line num="55" count="13" type="stmt"/>
      <line num="59" count="13" type="stmt"/>
      <line num="64" count="13" type="stmt"/>
      <line num="65" count="13" type="stmt"/>
      <line num="67" count="13" type="stmt"/>
      <line num="74" count="33" type="cond" truecount="2" falsecount="0"/>
      <line num="75" count="22" type="stmt"/>
      <line num="76" count="11" type="cond" truecount="1" falsecount="1"/>
      <line num="77" count="11" type="stmt"/>
      <line num="80" count="33" type="stmt"/>
      <line num="86" count="23" type="cond" truecount="2" falsecount="0"/>
      <line num="88" count="12" type="cond" truecount="4" falsecount="0"/>
      <line num="89" count="3" type="stmt"/>
      <line num="91" count="3" type="cond" truecount="2" falsecount="0"/>
      <line num="92" count="1" type="stmt"/>
      <line num="93" count="1" type="stmt"/>
      <line num="94" count="1" type="stmt"/>
      <line num="97" count="2" type="stmt"/>
      <line num="100" count="11" type="cond" truecount="1" falsecount="1"/>
      <line num="102" count="11" type="cond" truecount="2" falsecount="0"/>
      <line num="103" count="3" type="stmt"/>
      <line num="107" count="23" type="stmt"/>
      <line num="113" count="22" type="cond" truecount="2" falsecount="0"/>
      <line num="114" count="11" type="cond" truecount="2" falsecount="0"/>
      <line num="115" count="5" type="stmt"/>
      <line num="116" count="5" type="stmt"/>
      <line num="118" count="11" type="cond" truecount="1" falsecount="1"/>
      <line num="119" count="11" type="cond" truecount="2" falsecount="0"/>
      <line num="120" count="4" type="stmt"/>
      <line num="121" count="4" type="stmt"/>
      <line num="125" count="22" type="stmt"/>
    </file>
    <file name="contains-duplicate.ts" path="C:\repos\ts\interview-questions\src\contains-duplicate.ts">
      <metrics statements="10" coveredstatements="10" conditionals="4" coveredconditionals="4" methods="3" coveredmethods="3"/>
      <line num="5" count="3" type="stmt"/>
      <line num="6" count="30" type="stmt"/>
      <line num="8" count="6" type="cond" truecount="2" falsecount="0"/>
      <line num="9" count="2" type="stmt"/>
      <line num="13" count="4" type="stmt"/>
      <line num="17" count="3" type="stmt"/>
      <line num="19" count="3" type="stmt"/>
      <line num="21" count="5" type="cond" truecount="2" falsecount="0"/>
      <line num="22" count="2" type="stmt"/>
      <line num="26" count="1" type="stmt"/>
    </file>
    <file name="first-recurring-number.ts" path="C:\repos\ts\interview-questions\src\first-recurring-number.ts">
      <metrics statements="29" coveredstatements="29" conditionals="10" coveredconditionals="10" methods="5" coveredmethods="5"/>
      <line num="2" count="3" type="stmt"/>
      <line num="3" count="3" type="stmt"/>
      <line num="4" count="11" type="cond" truecount="2" falsecount="0"/>
      <line num="5" count="2" type="stmt"/>
      <line num="7" count="9" type="stmt"/>
      <line num="9" count="1" type="stmt"/>
      <line num="14" count="2" type="stmt"/>
      <line num="15" count="5" type="stmt"/>
      <line num="17" count="9" type="cond" truecount="2" falsecount="0"/>
      <line num="18" count="1" type="stmt"/>
      <line num="22" count="1" type="stmt"/>
      <line num="26" count="3" type="stmt"/>
      <line num="27" count="3" type="stmt"/>
      <line num="29" count="11" type="cond" truecount="2" falsecount="0"/>
      <line num="30" count="2" type="stmt"/>
      <line num="32" count="9" type="stmt"/>
      <line num="35" count="1" type="stmt"/>
      <line num="39" count="3" type="stmt"/>
      <line num="40" count="3" type="stmt"/>
      <line num="42" count="11" type="cond" truecount="2" falsecount="0"/>
      <line num="43" count="2" type="stmt"/>
      <line num="45" count="9" type="stmt"/>
      <line num="48" count="1" type="stmt"/>
      <line num="52" count="3" type="stmt"/>
      <line num="54" count="3" type="stmt"/>
      <line num="55" count="11" type="cond" truecount="2" falsecount="0"/>
      <line num="56" count="2" type="stmt"/>
      <line num="58" count="9" type="stmt"/>
      <line num="61" count="1" type="stmt"/>
    </file>
    <file name="flatten.ts" path="C:\repos\ts\interview-questions\src\flatten.ts">
      <metrics statements="14" coveredstatements="14" conditionals="4" coveredconditionals="4" methods="4" coveredmethods="4"/>
      <line num="4" count="24" type="stmt"/>
      <line num="5" count="24" type="stmt"/>
      <line num="6" count="33" type="stmt"/>
      <line num="7" count="33" type="cond" truecount="2" falsecount="0"/>
      <line num="10" count="16" type="stmt"/>
      <line num="12" count="17" type="stmt"/>
      <line num="15" count="24" type="stmt"/>
      <line num="21" count="4" type="stmt"/>
      <line num="26" count="4" type="stmt"/>
      <line num="27" count="4" type="stmt"/>
      <line num="28" count="9" type="cond" truecount="2" falsecount="0"/>
      <line num="29" count="4" type="stmt"/>
      <line num="31" count="5" type="stmt"/>
      <line num="35" count="4" type="stmt"/>
    </file>
    <file name="has-balance-point.ts" path="C:\repos\ts\interview-questions\src\has-balance-point.ts">
      <metrics statements="14" coveredstatements="14" conditionals="10" coveredconditionals="9" methods="3" coveredmethods="3"/>
      <line num="7" count="4" type="stmt"/>
      <line num="8" count="4" type="stmt"/>
      <line num="10" count="4" type="cond" truecount="2" falsecount="0"/>
      <line num="11" count="2" type="stmt"/>
      <line num="13" count="2" type="stmt"/>
      <line num="14" count="5" type="cond" truecount="1" falsecount="1"/>
      <line num="15" count="5" type="stmt"/>
      <line num="16" count="5" type="stmt"/>
      <line num="18" count="5" type="cond" truecount="4" falsecount="0"/>
      <line num="19" count="3" type="cond" truecount="2" falsecount="0"/>
      <line num="20" count="1" type="stmt"/>
      <line num="21" count="7" type="stmt"/>
      <line num="29" count="1" type="stmt"/>
      <line num="35" count="4" type="stmt"/>
    </file>
    <file name="index.ts" path="C:\repos\ts\interview-questions\src\index.ts">
      <metrics statements="1" coveredstatements="1" conditionals="0" coveredconditionals="0" methods="1" coveredmethods="1"/>
      <line num="2" count="2" type="stmt"/>
    </file>
    <file name="invert-case.ts" path="C:\repos\ts\interview-questions\src\invert-case.ts">
      <metrics statements="22" coveredstatements="22" conditionals="10" coveredconditionals="10" methods="10" coveredmethods="10"/>
      <line num="4" count="4" type="stmt"/>
      <line num="7" count="35" type="cond" truecount="2" falsecount="0"/>
      <line num="15" count="4" type="stmt"/>
      <line num="18" count="35" type="stmt"/>
      <line num="28" count="4" type="stmt"/>
      <line num="30" count="4" type="stmt"/>
      <line num="31" count="4" type="stmt"/>
      <line num="32" count="35" type="cond" truecount="2" falsecount="0"/>
      <line num="33" count="17" type="stmt"/>
      <line num="35" count="18" type="stmt"/>
      <line num="39" count="4" type="stmt"/>
      <line num="44" count="4" type="stmt"/>
      <line num="45" count="33" type="cond" truecount="2" falsecount="0"/>
      <line num="51" count="4" type="stmt"/>
      <line num="52" count="33" type="stmt"/>
      <line num="57" count="4" type="stmt"/>
      <line num="58" count="4" type="stmt"/>
      <line num="59" count="4" type="stmt"/>
      <line num="61" count="35" type="cond" truecount="2" falsecount="0"/>
      <line num="62" count="2" type="stmt"/>
      <line num="64" count="33" type="stmt"/>
      <line num="67" count="4" type="stmt"/>
    </file>
    <file name="longest-word.ts" path="C:\repos\ts\interview-questions\src\longest-word.ts">
      <metrics statements="3" coveredstatements="3" conditionals="2" coveredconditionals="2" methods="2" coveredmethods="2"/>
      <line num="3" count="7" type="stmt"/>
      <line num="5" count="115" type="stmt"/>
      <line num="7" count="7" type="cond" truecount="2" falsecount="0"/>
    </file>
    <file name="maximum-subarray.ts" path="C:\repos\ts\interview-questions\src\maximum-subarray.ts">
      <metrics statements="9" coveredstatements="9" conditionals="4" coveredconditionals="4" methods="1" coveredmethods="1"/>
      <line num="4" count="4" type="stmt"/>
      <line num="5" count="4" type="stmt"/>
      <line num="8" count="4" type="stmt"/>
      <line num="9" count="15" type="stmt"/>
      <line num="10" count="15" type="cond" truecount="2" falsecount="0"/>
      <line num="11" count="9" type="stmt"/>
      <line num="14" count="15" type="cond" truecount="2" falsecount="0"/>
      <line num="15" count="2" type="stmt"/>
      <line num="21" count="4" type="stmt"/>
    </file>
    <file name="merge-sorted-arrays.ts" path="C:\repos\ts\interview-questions\src\merge-sorted-arrays.ts">
      <metrics statements="47" coveredstatements="44" conditionals="18" coveredconditionals="17" methods="7" coveredmethods="7"/>
      <line num="2" count="2" type="stmt"/>
      <line num="3" count="2" type="stmt"/>
      <line num="4" count="2" type="stmt"/>
      <line num="5" count="2" type="cond" truecount="2" falsecount="0"/>
      <line num="6" count="6" type="cond" truecount="2" falsecount="0"/>
      <line num="7" count="3" type="stmt"/>
      <line num="8" count="3" type="stmt"/>
      <line num="10" count="3" type="stmt"/>
      <line num="11" count="3" type="stmt"/>
      <line num="14" count="2" type="stmt"/>
      <line num="15" count="1" type="stmt"/>
      <line num="16" count="1" type="stmt"/>
      <line num="18" count="2" type="stmt"/>
      <line num="19" count="0" type="stmt"/>
      <line num="20" count="0" type="stmt"/>
      <line num="22" count="2" type="stmt"/>
      <line num="26" count="12" type="stmt"/>
      <line num="33" count="2" type="stmt"/>
      <line num="35" count="2" type="cond" truecount="2" falsecount="0"/>
      <line num="36" count="1" type="stmt"/>
      <line num="38" count="1" type="cond" truecount="1" falsecount="1"/>
      <line num="39" count="0" type="stmt"/>
      <line num="42" count="1" type="stmt"/>
      <line num="43" count="1" type="stmt"/>
      <line num="44" count="1" type="stmt"/>
      <line num="45" count="1" type="stmt"/>
      <line num="47" count="1" type="cond" truecount="2" falsecount="0"/>
      <line num="48" count="7" type="cond" truecount="4" falsecount="0"/>
      <line num="49" count="4" type="stmt"/>
      <line num="50" count="4" type="stmt"/>
      <line num="51" count="4" type="stmt"/>
      <line num="53" count="3" type="stmt"/>
      <line num="54" count="3" type="stmt"/>
      <line num="55" count="3" type="stmt"/>
      <line num="58" count="1" type="stmt"/>
      <line num="65" count="2" type="stmt"/>
      <line num="66" count="2" type="stmt"/>
      <line num="67" count="4" type="stmt"/>
      <line num="68" count="7" type="cond" truecount="4" falsecount="0"/>
      <line num="69" count="4" type="stmt"/>
      <line num="70" count="4" type="stmt"/>
      <line num="72" count="3" type="stmt"/>
      <line num="77" count="2" type="stmt"/>
      <line num="81" count="2" type="stmt"/>
      <line num="82" count="2" type="stmt"/>
      <line num="83" count="12" type="stmt"/>
      <line num="85" count="2" type="stmt"/>
    </file>
    <file name="mode.ts" path="C:\repos\ts\interview-questions\src\mode.ts">
      <metrics statements="30" coveredstatements="30" conditionals="10" coveredconditionals="10" methods="6" coveredmethods="6"/>
      <line num="4" count="3" type="stmt"/>
      <line num="5" count="3" type="stmt"/>
      <line num="7" count="3" type="stmt"/>
      <line num="9" count="3" type="stmt"/>
      <line num="10" count="81" type="stmt"/>
      <line num="11" count="13" type="cond" truecount="2" falsecount="0"/>
      <line num="12" count="5" type="stmt"/>
      <line num="13" count="5" type="stmt"/>
      <line num="17" count="13" type="stmt"/>
      <line num="23" count="3" type="stmt"/>
      <line num="24" count="3" type="stmt"/>
      <line num="26" count="3" type="stmt"/>
      <line num="27" count="81" type="stmt"/>
      <line num="28" count="13" type="cond" truecount="2" falsecount="0"/>
      <line num="29" count="5" type="stmt"/>
      <line num="30" count="5" type="stmt"/>
      <line num="34" count="3" type="stmt"/>
      <line num="40" count="3" type="stmt"/>
      <line num="41" count="3" type="stmt"/>
      <line num="42" count="3" type="stmt"/>
      <line num="44" count="3" type="stmt"/>
      <line num="49" count="3" type="cond" truecount="2" falsecount="0"/>
      <line num="50" count="1" type="stmt"/>
      <line num="53" count="2" type="stmt"/>
      <line num="54" count="10" type="cond" truecount="2" falsecount="0"/>
      <line num="55" count="2" type="stmt"/>
      <line num="57" count="10" type="cond" truecount="2" falsecount="0"/>
      <line num="58" count="4" type="stmt"/>
      <line num="59" count="4" type="stmt"/>
      <line num="72" count="2" type="stmt"/>
    </file>
    <file name="move-zeroes.ts" path="C:\repos\ts\interview-questions\src\move-zeroes.ts">
      <metrics statements="14" coveredstatements="14" conditionals="2" coveredconditionals="2" methods="4" coveredmethods="4"/>
      <line num="4" count="3" type="stmt"/>
      <line num="5" count="3" type="stmt"/>
      <line num="6" count="15" type="cond" truecount="2" falsecount="0"/>
      <line num="7" count="8" type="stmt"/>
      <line num="8" count="8" type="stmt"/>
      <line num="12" count="3" type="stmt"/>
      <line num="13" count="7" type="stmt"/>
      <line num="14" count="7" type="stmt"/>
      <line num="18" count="3" type="stmt"/>
      <line num="23" count="15" type="stmt"/>
      <line num="25" count="15" type="stmt"/>
      <line num="27" count="3" type="stmt"/>
      <line num="28" count="7" type="stmt"/>
      <line num="32" count="3" type="stmt"/>
    </file>
    <file name="palindrome.ts" path="C:\repos\ts\interview-questions\src\palindrome.ts">
      <metrics statements="2" coveredstatements="2" conditionals="0" coveredconditionals="0" methods="1" coveredmethods="1"/>
      <line num="5" count="11" type="stmt"/>
      <line num="9" count="11" type="stmt"/>
    </file>
    <file name="reverse.ts" path="C:\repos\ts\interview-questions\src\reverse.ts">
      <metrics statements="11" coveredstatements="11" conditionals="0" coveredconditionals="0" methods="5" coveredmethods="5"/>
      <line num="3" count="5" type="stmt"/>
      <line num="8" count="5" type="stmt"/>
      <line num="9" count="5" type="stmt"/>
      <line num="10" count="5" type="stmt"/>
      <line num="11" count="27" type="stmt"/>
      <line num="13" count="5" type="stmt"/>
      <line num="16" count="5" type="stmt"/>
      <line num="19" count="5" type="stmt"/>
      <line num="20" count="5" type="stmt"/>
      <line num="21" count="27" type="stmt"/>
      <line num="23" count="5" type="stmt"/>
    </file>
    <file name="roman-numeral.ts" path="C:\repos\ts\interview-questions\src\roman-numeral.ts">
      <metrics statements="62" coveredstatements="62" conditionals="0" coveredconditionals="0" methods="7" coveredmethods="7"/>
      <line num="2" count="22" type="stmt"/>
      <line num="3" count="22" type="stmt"/>
      <line num="4" count="22" type="stmt"/>
      <line num="5" count="22" type="stmt"/>
      <line num="6" count="22" type="stmt"/>
      <line num="7" count="22" type="stmt"/>
      <line num="8" count="22" type="stmt"/>
      <line num="9" count="22" type="stmt"/>
      <line num="11" count="22" type="stmt"/>
      <line num="13" count="22" type="stmt"/>
      <line num="14" count="154" type="stmt"/>
      <line num="15" count="106" type="stmt"/>
      <line num="16" count="106" type="stmt"/>
      <line num="21" count="22" type="stmt"/>
      <line num="22" count="22" type="stmt"/>
      <line num="23" count="22" type="stmt"/>
      <line num="24" count="22" type="stmt"/>
      <line num="25" count="22" type="stmt"/>
      <line num="26" count="22" type="stmt"/>
      <line num="28" count="22" type="stmt"/>
      <line num="31" count="1" type="stmt"/>
      <line num="32" count="17" type="stmt"/>
      <line num="33" count="17" type="stmt"/>
      <line num="34" count="17" type="stmt"/>
      <line num="35" count="17" type="stmt"/>
      <line num="36" count="17" type="stmt"/>
      <line num="37" count="17" type="stmt"/>
      <line num="38" count="17" type="stmt"/>
      <line num="39" count="17" type="stmt"/>
      <line num="40" count="17" type="stmt"/>
      <line num="41" count="17" type="stmt"/>
      <line num="42" count="17" type="stmt"/>
      <line num="43" count="17" type="stmt"/>
      <line num="44" count="17" type="stmt"/>
      <line num="45" count="17" type="stmt"/>
      <line num="46" count="17" type="stmt"/>
      <line num="48" count="17" type="stmt"/>
      <line num="49" count="221" type="stmt"/>
      <line num="50" count="53" type="stmt"/>
      <line num="51" count="53" type="stmt"/>
      <line num="54" count="17" type="stmt"/>
      <line num="57" count="1" type="stmt"/>
      <line num="58" count="17" type="stmt"/>
      <line num="68" count="17" type="stmt"/>
      <line num="70" count="17" type="stmt"/>
      <line num="73" count="119" type="stmt"/>
      <line num="74" count="99" type="stmt"/>
      <line num="75" count="99" type="stmt"/>
      <line num="79" count="17" type="stmt"/>
      <line num="83" count="17" type="stmt"/>
      <line num="92" count="17" type="stmt"/>
      <line num="94" count="102" type="stmt"/>
      <line num="97" count="17" type="stmt"/>
      <line num="100" count="1" type="stmt"/>
      <line num="101" count="17" type="stmt"/>
      <line num="102" count="17" type="stmt"/>
      <line num="118" count="17" type="stmt"/>
      <line num="119" count="17" type="stmt"/>
      <line num="120" count="221" type="stmt"/>
      <line num="121" count="53" type="stmt"/>
      <line num="122" count="53" type="stmt"/>
      <line num="125" count="17" type="stmt"/>
    </file>
    <file name="rotate-array.ts" path="C:\repos\ts\interview-questions\src\rotate-array.ts">
      <metrics statements="10" coveredstatements="10" conditionals="4" coveredconditionals="2" methods="2" coveredmethods="2"/>
      <line num="4" count="3" type="stmt"/>
      <line num="5" count="5" type="stmt"/>
      <line num="6" count="5" type="cond" truecount="1" falsecount="1"/>
      <line num="7" count="5" type="stmt"/>
      <line num="11" count="3" type="stmt"/>
      <line num="15" count="3" type="stmt"/>
      <line num="16" count="5" type="stmt"/>
      <line num="17" count="5" type="cond" truecount="1" falsecount="1"/>
      <line num="18" count="5" type="stmt"/>
      <line num="21" count="3" type="stmt"/>
    </file>
    <file name="sorting-type.ts" path="C:\repos\ts\interview-questions\src\sorting-type.ts">
      <metrics statements="30" coveredstatements="28" conditionals="24" coveredconditionals="22" methods="6" coveredmethods="6"/>
      <line num="9" count="15" type="stmt"/>
      <line num="14" count="12" type="stmt"/>
      <line num="17" count="10" type="stmt"/>
      <line num="19" count="10" type="cond" truecount="2" falsecount="0"/>
      <line num="20" count="5" type="stmt"/>
      <line num="21" count="5" type="cond" truecount="1" falsecount="1"/>
      <line num="22" count="5" type="stmt"/>
      <line num="24" count="0" type="stmt"/>
      <line num="27" count="10" type="stmt"/>
      <line num="28" count="12" type="cond" truecount="4" falsecount="0"/>
      <line num="29" count="1" type="stmt"/>
      <line num="30" count="11" type="cond" truecount="4" falsecount="0"/>
      <line num="31" count="2" type="stmt"/>
      <line num="35" count="7" type="stmt"/>
      <line num="45" count="10" type="stmt"/>
      <line num="46" count="15" type="stmt"/>
      <line num="49" count="10" type="stmt"/>
      <line num="50" count="12" type="stmt"/>
      <line num="53" count="10" type="stmt"/>
      <line num="55" count="10" type="cond" truecount="2" falsecount="0"/>
      <line num="56" count="5" type="stmt"/>
      <line num="57" count="5" type="cond" truecount="1" falsecount="1"/>
      <line num="58" count="5" type="stmt"/>
      <line num="60" count="0" type="stmt"/>
      <line num="63" count="10" type="stmt"/>
      <line num="64" count="12" type="cond" truecount="4" falsecount="0"/>
      <line num="65" count="1" type="stmt"/>
      <line num="66" count="11" type="cond" truecount="4" falsecount="0"/>
      <line num="67" count="2" type="stmt"/>
      <line num="71" count="7" type="stmt"/>
    </file>
    <file name="square.ts" path="C:\repos\ts\interview-questions\src\square.ts">
      <metrics statements="2" coveredstatements="2" conditionals="0" coveredconditionals="0" methods="2" coveredmethods="2"/>
      <line num="2" count="5" type="stmt"/>
      <line num="6" count="5" type="stmt"/>
    </file>
    <file name="sum-digits.ts" path="C:\repos\ts\interview-questions\src\sum-digits.ts">
      <metrics statements="26" coveredstatements="26" conditionals="6" coveredconditionals="6" methods="11" coveredmethods="11"/>
      <line num="3" count="7" type="stmt"/>
      <line num="7" count="15" type="stmt"/>
      <line num="12" count="7" type="stmt"/>
      <line num="13" count="7" type="stmt"/>
      <line num="16" count="7" type="stmt"/>
      <line num="17" count="7" type="stmt"/>
      <line num="18" count="20" type="cond" truecount="2" falsecount="0"/>
      <line num="19" count="14" type="stmt"/>
      <line num="24" count="7" type="stmt"/>
      <line num="29" count="7" type="stmt"/>
      <line num="30" count="7" type="stmt"/>
      <line num="32" count="20" type="cond" truecount="2" falsecount="0"/>
      <line num="34" count="15" type="stmt"/>
      <line num="38" count="7" type="stmt"/>
      <line num="43" count="7" type="stmt"/>
      <line num="44" count="7" type="stmt"/>
      <line num="45" count="20" type="cond" truecount="2" falsecount="0"/>
      <line num="52" count="7" type="stmt"/>
      <line num="57" count="7" type="stmt"/>
      <line num="62" count="8" type="stmt"/>
      <line num="67" count="7" type="stmt"/>
      <line num="72" count="7" type="stmt"/>
      <line num="77" count="7" type="stmt"/>
      <line num="78" count="7" type="stmt"/>
      <line num="79" count="15" type="stmt"/>
      <line num="81" count="7" type="stmt"/>
    </file>
    <file name="sum-fibonacci.ts" path="C:\repos\ts\interview-questions\src\sum-fibonacci.ts">
      <metrics statements="2" coveredstatements="2" conditionals="4" coveredconditionals="4" methods="2" coveredmethods="2"/>
      <line num="3" count="1" type="stmt"/>
      <line num="4" count="13" type="cond" truecount="4" falsecount="0"/>
    </file>
    <file name="two-sum.ts" path="C:\repos\ts\interview-questions\src\two-sum.ts">
      <metrics statements="5" coveredstatements="5" conditionals="2" coveredconditionals="2" methods="1" coveredmethods="1"/>
      <line num="5" count="6" type="stmt"/>
      <line num="6" count="7" type="stmt"/>
      <line num="7" count="19" type="cond" truecount="2" falsecount="0"/>
      <line num="8" count="5" type="stmt"/>
      <line num="12" count="1" type="stmt"/>
    </file>
  </project>
</coverage>
