{"C:\\repos\\ts\\interview-questions\\src\\balanced-parans.ts": {"path":"C:\\repos\\ts\\interview-questions\\src\\balanced-parans.ts","statementMap":{"0":{"start":{"line":4,"column":18},"end":{"line":4,"column":null}},"1":{"start":{"line":5,"column":19},"end":{"line":5,"column":null}},"2":{"start":{"line":6,"column":17},"end":{"line":6,"column":null}},"3":{"start":{"line":8,"column":2},"end":{"line":21,"column":null}},"4":{"start":{"line":8,"column":15},"end":{"line":8,"column":18}},"5":{"start":{"line":9,"column":4},"end":{"line":13,"column":null}},"6":{"start":{"line":10,"column":6},"end":{"line":10,"column":null}},"7":{"start":{"line":11,"column":4},"end":{"line":13,"column":null}},"8":{"start":{"line":12,"column":6},"end":{"line":12,"column":null}},"9":{"start":{"line":15,"column":4},"end":{"line":20,"column":null}},"10":{"start":{"line":19,"column":6},"end":{"line":19,"column":null}},"11":{"start":{"line":23,"column":2},"end":{"line":23,"column":null}},"12":{"start":{"line":29,"column":22},"end":{"line":29,"column":null}},"13":{"start":{"line":30,"column":22},"end":{"line":30,"column":null}},"14":{"start":{"line":31,"column":17},"end":{"line":31,"column":null}},"15":{"start":{"line":32,"column":2},"end":{"line":42,"column":null}},"16":{"start":{"line":33,"column":4},"end":{"line":35,"column":null}},"17":{"start":{"line":34,"column":6},"end":{"line":34,"column":null}},"18":{"start":{"line":36,"column":4},"end":{"line":38,"column":null}},"19":{"start":{"line":37,"column":6},"end":{"line":37,"column":null}},"20":{"start":{"line":39,"column":4},"end":{"line":41,"column":null}},"21":{"start":{"line":40,"column":6},"end":{"line":40,"column":null}},"22":{"start":{"line":44,"column":2},"end":{"line":44,"column":null}},"23":{"start":{"line":50,"column":18},"end":{"line":50,"column":null}},"24":{"start":{"line":51,"column":19},"end":{"line":51,"column":null}},"25":{"start":{"line":52,"column":17},"end":{"line":52,"column":null}},"26":{"start":{"line":54,"column":2},"end":{"line":64,"column":null}},"27":{"start":{"line":54,"column":15},"end":{"line":54,"column":18}},"28":{"start":{"line":55,"column":4},"end":{"line":59,"column":null}},"29":{"start":{"line":56,"column":6},"end":{"line":56,"column":null}},"30":{"start":{"line":57,"column":4},"end":{"line":59,"column":null}},"31":{"start":{"line":58,"column":6},"end":{"line":58,"column":null}},"32":{"start":{"line":61,"column":4},"end":{"line":63,"column":null}},"33":{"start":{"line":62,"column":6},"end":{"line":62,"column":null}},"34":{"start":{"line":66,"column":2},"end":{"line":66,"column":null}}},"fnMap":{"0":{"name":"isBalanced","decl":{"start":{"line":1,"column":16},"end":{"line":1,"column":27}},"loc":{"start":{"line":1,"column":47},"end":{"line":24,"column":null}},"line":1},"1":{"name":"isBalanced2","decl":{"start":{"line":26,"column":16},"end":{"line":26,"column":28}},"loc":{"start":{"line":26,"column":48},"end":{"line":45,"column":null}},"line":26},"2":{"name":"(anonymous_2)","decl":{"start":{"line":32,"column":22},"end":{"line":32,"column":23}},"loc":{"start":{"line":32,"column":32},"end":{"line":42,"column":3}},"line":32},"3":{"name":"isBalanced3","decl":{"start":{"line":47,"column":16},"end":{"line":47,"column":28}},"loc":{"start":{"line":47,"column":48},"end":{"line":67,"column":null}},"line":47}},"branchMap":{"0":{"loc":{"start":{"line":9,"column":4},"end":{"line":13,"column":null}},"type":"if","locations":[{"start":{"line":9,"column":4},"end":{"line":13,"column":null}},{"start":{"line":11,"column":4},"end":{"line":13,"column":null}}],"line":9},"1":{"loc":{"start":{"line":11,"column":4},"end":{"line":13,"column":null}},"type":"if","locations":[{"start":{"line":11,"column":4},"end":{"line":13,"column":null}},{"start":{},"end":{}}],"line":11},"2":{"loc":{"start":{"line":15,"column":4},"end":{"line":20,"column":null}},"type":"if","locations":[{"start":{"line":15,"column":4},"end":{"line":20,"column":null}},{"start":{},"end":{}}],"line":15},"3":{"loc":{"start":{"line":33,"column":4},"end":{"line":35,"column":null}},"type":"if","locations":[{"start":{"line":33,"column":4},"end":{"line":35,"column":null}},{"start":{},"end":{}}],"line":33},"4":{"loc":{"start":{"line":36,"column":4},"end":{"line":38,"column":null}},"type":"if","locations":[{"start":{"line":36,"column":4},"end":{"line":38,"column":null}},{"start":{},"end":{}}],"line":36},"5":{"loc":{"start":{"line":39,"column":4},"end":{"line":41,"column":null}},"type":"if","locations":[{"start":{"line":39,"column":4},"end":{"line":41,"column":null}},{"start":{},"end":{}}],"line":39},"6":{"loc":{"start":{"line":44,"column":9},"end":{"line":44,"column":null}},"type":"binary-expr","locations":[{"start":{"line":44,"column":9},"end":{"line":44,"column":21}},{"start":{"line":44,"column":21},"end":{"line":44,"column":null}}],"line":44},"7":{"loc":{"start":{"line":55,"column":4},"end":{"line":59,"column":null}},"type":"if","locations":[{"start":{"line":55,"column":4},"end":{"line":59,"column":null}},{"start":{"line":57,"column":4},"end":{"line":59,"column":null}}],"line":55},"8":{"loc":{"start":{"line":57,"column":4},"end":{"line":59,"column":null}},"type":"if","locations":[{"start":{"line":57,"column":4},"end":{"line":59,"column":null}},{"start":{},"end":{}}],"line":57},"9":{"loc":{"start":{"line":61,"column":4},"end":{"line":63,"column":null}},"type":"if","locations":[{"start":{"line":61,"column":4},"end":{"line":63,"column":null}},{"start":{},"end":{}}],"line":61}},"s":{"0":16,"1":16,"2":16,"3":16,"4":16,"5":94,"6":32,"7":62,"8":32,"9":94,"10":4,"11":12,"12":8,"13":8,"14":8,"15":8,"16":51,"17":19,"18":51,"19":17,"20":51,"21":2,"22":8,"23":0,"24":0,"25":0,"26":0,"27":0,"28":0,"29":0,"30":0,"31":0,"32":0,"33":0,"34":0},"f":{"0":16,"1":8,"2":51,"3":0},"b":{"0":[32,62],"1":[32,30],"2":[4,90],"3":[19,32],"4":[17,34],"5":[2,49],"6":[8,6],"7":[0,0],"8":[0,0],"9":[0,0]},"meta":{"lastBranch":10,"lastFunction":4,"lastStatement":35,"seen":{"f:1:16:1:27":0,"s:4:18:4:Infinity":0,"s:5:19:5:Infinity":1,"s:6:17:6:Infinity":2,"s:8:2:21:Infinity":3,"s:8:15:8:18":4,"b:9:4:13:Infinity:11:4:13:Infinity":0,"s:9:4:13:Infinity":5,"s:10:6:10:Infinity":6,"b:11:4:13:Infinity:undefined:undefined:undefined:undefined":1,"s:11:4:13:Infinity":7,"s:12:6:12:Infinity":8,"b:15:4:20:Infinity:undefined:undefined:undefined:undefined":2,"s:15:4:20:Infinity":9,"s:19:6:19:Infinity":10,"s:23:2:23:Infinity":11,"f:26:16:26:28":1,"s:29:22:29:Infinity":12,"s:30:22:30:Infinity":13,"s:31:17:31:Infinity":14,"s:32:2:42:Infinity":15,"f:32:22:32:23":2,"b:33:4:35:Infinity:undefined:undefined:undefined:undefined":3,"s:33:4:35:Infinity":16,"s:34:6:34:Infinity":17,"b:36:4:38:Infinity:undefined:undefined:undefined:undefined":4,"s:36:4:38:Infinity":18,"s:37:6:37:Infinity":19,"b:39:4:41:Infinity:undefined:undefined:undefined:undefined":5,"s:39:4:41:Infinity":20,"s:40:6:40:Infinity":21,"s:44:2:44:Infinity":22,"b:44:9:44:21:44:21:44:Infinity":6,"f:47:16:47:28":3,"s:50:18:50:Infinity":23,"s:51:19:51:Infinity":24,"s:52:17:52:Infinity":25,"s:54:2:64:Infinity":26,"s:54:15:54:18":27,"b:55:4:59:Infinity:57:4:59:Infinity":7,"s:55:4:59:Infinity":28,"s:56:6:56:Infinity":29,"b:57:4:59:Infinity:undefined:undefined:undefined:undefined":8,"s:57:4:59:Infinity":30,"s:58:6:58:Infinity":31,"b:61:4:63:Infinity:undefined:undefined:undefined:undefined":9,"s:61:4:63:Infinity":32,"s:62:6:62:Infinity":33,"s:66:2:66:Infinity":34}}}
,"C:\\repos\\ts\\interview-questions\\src\\bank.ts": {"path":"C:\\repos\\ts\\interview-questions\\src\\bank.ts","statementMap":{"0":{"start":{"line":1,"column":21},"end":{"line":1,"column":null}},"1":{"start":{"line":2,"column":22},"end":{"line":2,"column":null}},"2":{"start":{"line":3,"column":17},"end":{"line":3,"column":null}},"3":{"start":{"line":5,"column":25},"end":{"line":11,"column":null}},"4":{"start":{"line":13,"column":21},"end":{"line":16,"column":null}},"5":{"start":{"line":23,"column":30},"end":{"line":23,"column":null}},"6":{"start":{"line":26,"column":2},"end":{"line":28,"column":null}},"7":{"start":{"line":27,"column":4},"end":{"line":27,"column":null}},"8":{"start":{"line":31,"column":2},"end":{"line":31,"column":null}},"9":{"start":{"line":33,"column":2},"end":{"line":57,"column":null}},"10":{"start":{"line":33,"column":15},"end":{"line":33,"column":18}},"11":{"start":{"line":37,"column":24},"end":{"line":37,"column":null}},"12":{"start":{"line":41,"column":4},"end":{"line":56,"column":null}},"13":{"start":{"line":43,"column":8},"end":{"line":43,"column":null}},"14":{"start":{"line":44,"column":8},"end":{"line":44,"column":null}},"15":{"start":{"line":46,"column":8},"end":{"line":46,"column":null}},"16":{"start":{"line":47,"column":8},"end":{"line":47,"column":null}},"17":{"start":{"line":49,"column":8},"end":{"line":49,"column":null}},"18":{"start":{"line":50,"column":8},"end":{"line":50,"column":null}},"19":{"start":{"line":52,"column":8},"end":{"line":52,"column":null}},"20":{"start":{"line":53,"column":8},"end":{"line":53,"column":null}},"21":{"start":{"line":55,"column":8},"end":{"line":55,"column":null}},"22":{"start":{"line":59,"column":2},"end":{"line":59,"column":null}},"23":{"start":{"line":64,"column":2},"end":{"line":64,"column":null}},"24":{"start":{"line":65,"column":2},"end":{"line":65,"column":null}},"25":{"start":{"line":67,"column":2},"end":{"line":67,"column":null}},"26":{"start":{"line":74,"column":2},"end":{"line":78,"column":null}},"27":{"start":{"line":75,"column":4},"end":{"line":75,"column":null}},"28":{"start":{"line":76,"column":2},"end":{"line":78,"column":null}},"29":{"start":{"line":77,"column":4},"end":{"line":77,"column":null}},"30":{"start":{"line":80,"column":2},"end":{"line":80,"column":null}},"31":{"start":{"line":86,"column":2},"end":{"line":105,"column":null}},"32":{"start":{"line":88,"column":4},"end":{"line":99,"column":null}},"33":{"start":{"line":89,"column":28},"end":{"line":89,"column":null}},"34":{"start":{"line":91,"column":6},"end":{"line":98,"column":null}},"35":{"start":{"line":92,"column":8},"end":{"line":92,"column":null}},"36":{"start":{"line":93,"column":8},"end":{"line":93,"column":null}},"37":{"start":{"line":94,"column":8},"end":{"line":94,"column":null}},"38":{"start":{"line":97,"column":8},"end":{"line":97,"column":null}},"39":{"start":{"line":100,"column":2},"end":{"line":105,"column":null}},"40":{"start":{"line":102,"column":4},"end":{"line":104,"column":null}},"41":{"start":{"line":103,"column":6},"end":{"line":103,"column":null}},"42":{"start":{"line":107,"column":2},"end":{"line":107,"column":null}},"43":{"start":{"line":113,"column":2},"end":{"line":123,"column":null}},"44":{"start":{"line":114,"column":4},"end":{"line":117,"column":null}},"45":{"start":{"line":115,"column":6},"end":{"line":115,"column":null}},"46":{"start":{"line":116,"column":6},"end":{"line":116,"column":null}},"47":{"start":{"line":118,"column":2},"end":{"line":123,"column":null}},"48":{"start":{"line":119,"column":4},"end":{"line":122,"column":null}},"49":{"start":{"line":120,"column":6},"end":{"line":120,"column":null}},"50":{"start":{"line":121,"column":6},"end":{"line":121,"column":null}},"51":{"start":{"line":125,"column":2},"end":{"line":125,"column":null}}},"fnMap":{"0":{"name":"writeOutput","decl":{"start":{"line":18,"column":16},"end":{"line":18,"column":28}},"loc":{"start":{"line":18,"column":47},"end":{"line":60,"column":null}},"line":18},"1":{"name":"createNewAccount","decl":{"start":{"line":63,"column":9},"end":{"line":63,"column":26}},"loc":{"start":{"line":63,"column":67},"end":{"line":70,"column":null}},"line":63},"2":{"name":"deposit","decl":{"start":{"line":73,"column":9},"end":{"line":73,"column":17}},"loc":{"start":{"line":73,"column":50},"end":{"line":82,"column":null}},"line":73},"3":{"name":"withdraw","decl":{"start":{"line":85,"column":9},"end":{"line":85,"column":18}},"loc":{"start":{"line":85,"column":51},"end":{"line":109,"column":null}},"line":85},"4":{"name":"transfer","decl":{"start":{"line":111,"column":9},"end":{"line":111,"column":18}},"loc":{"start":{"line":111,"column":51},"end":{"line":127,"column":null}},"line":111}},"branchMap":{"0":{"loc":{"start":{"line":26,"column":2},"end":{"line":28,"column":null}},"type":"if","locations":[{"start":{"line":26,"column":2},"end":{"line":28,"column":null}},{"start":{},"end":{}}],"line":26},"1":{"loc":{"start":{"line":41,"column":4},"end":{"line":56,"column":null}},"type":"switch","locations":[{"start":{"line":42,"column":6},"end":{"line":44,"column":null}},{"start":{"line":45,"column":6},"end":{"line":47,"column":null}},{"start":{"line":48,"column":6},"end":{"line":50,"column":null}},{"start":{"line":51,"column":6},"end":{"line":53,"column":null}},{"start":{"line":54,"column":6},"end":{"line":55,"column":null}}],"line":41},"2":{"loc":{"start":{"line":74,"column":2},"end":{"line":78,"column":null}},"type":"if","locations":[{"start":{"line":74,"column":2},"end":{"line":78,"column":null}},{"start":{"line":76,"column":2},"end":{"line":78,"column":null}}],"line":74},"3":{"loc":{"start":{"line":76,"column":2},"end":{"line":78,"column":null}},"type":"if","locations":[{"start":{"line":76,"column":2},"end":{"line":78,"column":null}},{"start":{},"end":{}}],"line":76},"4":{"loc":{"start":{"line":86,"column":2},"end":{"line":105,"column":null}},"type":"if","locations":[{"start":{"line":86,"column":2},"end":{"line":105,"column":null}},{"start":{"line":100,"column":2},"end":{"line":105,"column":null}}],"line":86},"5":{"loc":{"start":{"line":88,"column":4},"end":{"line":99,"column":null}},"type":"if","locations":[{"start":{"line":88,"column":4},"end":{"line":99,"column":null}},{"start":{},"end":{}}],"line":88},"6":{"loc":{"start":{"line":88,"column":8},"end":{"line":88,"column":69}},"type":"binary-expr","locations":[{"start":{"line":88,"column":8},"end":{"line":88,"column":25}},{"start":{"line":88,"column":25},"end":{"line":88,"column":69}}],"line":88},"7":{"loc":{"start":{"line":91,"column":6},"end":{"line":98,"column":null}},"type":"if","locations":[{"start":{"line":91,"column":6},"end":{"line":98,"column":null}},{"start":{"line":96,"column":13},"end":{"line":98,"column":null}}],"line":91},"8":{"loc":{"start":{"line":100,"column":2},"end":{"line":105,"column":null}},"type":"if","locations":[{"start":{"line":100,"column":2},"end":{"line":105,"column":null}},{"start":{},"end":{}}],"line":100},"9":{"loc":{"start":{"line":102,"column":4},"end":{"line":104,"column":null}},"type":"if","locations":[{"start":{"line":102,"column":4},"end":{"line":104,"column":null}},{"start":{},"end":{}}],"line":102},"10":{"loc":{"start":{"line":113,"column":2},"end":{"line":123,"column":null}},"type":"if","locations":[{"start":{"line":113,"column":2},"end":{"line":123,"column":null}},{"start":{"line":118,"column":2},"end":{"line":123,"column":null}}],"line":113},"11":{"loc":{"start":{"line":114,"column":4},"end":{"line":117,"column":null}},"type":"if","locations":[{"start":{"line":114,"column":4},"end":{"line":117,"column":null}},{"start":{},"end":{}}],"line":114},"12":{"loc":{"start":{"line":118,"column":2},"end":{"line":123,"column":null}},"type":"if","locations":[{"start":{"line":118,"column":2},"end":{"line":123,"column":null}},{"start":{},"end":{}}],"line":118},"13":{"loc":{"start":{"line":119,"column":4},"end":{"line":122,"column":null}},"type":"if","locations":[{"start":{"line":119,"column":4},"end":{"line":122,"column":null}},{"start":{},"end":{}}],"line":119}},"s":{"0":1,"1":1,"2":1,"3":1,"4":1,"5":13,"6":13,"7":0,"8":13,"9":13,"10":13,"11":104,"12":104,"13":13,"14":13,"15":33,"16":33,"17":23,"18":23,"19":22,"20":22,"21":13,"22":13,"23":13,"24":13,"25":13,"26":33,"27":22,"28":11,"29":11,"30":33,"31":23,"32":12,"33":3,"34":3,"35":1,"36":1,"37":1,"38":2,"39":11,"40":11,"41":3,"42":23,"43":22,"44":11,"45":5,"46":5,"47":11,"48":11,"49":4,"50":4,"51":22},"f":{"0":13,"1":13,"2":33,"3":23,"4":22},"b":{"0":[0,13],"1":[13,33,23,22,13],"2":[22,11],"3":[11,0],"4":[12,11],"5":[3,9],"6":[12,3],"7":[1,2],"8":[11,0],"9":[3,8],"10":[11,11],"11":[5,6],"12":[11,0],"13":[4,7]},"meta":{"lastBranch":14,"lastFunction":5,"lastStatement":52,"seen":{"s:1:21:1:Infinity":0,"s:2:22:2:Infinity":1,"s:3:17:3:Infinity":2,"s:5:25:11:Infinity":3,"s:13:21:16:Infinity":4,"f:18:16:18:28":0,"s:23:30:23:Infinity":5,"b:26:2:28:Infinity:undefined:undefined:undefined:undefined":0,"s:26:2:28:Infinity":6,"s:27:4:27:Infinity":7,"s:31:2:31:Infinity":8,"s:33:2:57:Infinity":9,"s:33:15:33:18":10,"s:37:24:37:Infinity":11,"b:42:6:44:Infinity:45:6:47:Infinity:48:6:50:Infinity:51:6:53:Infinity:54:6:55:Infinity":1,"s:41:4:56:Infinity":12,"s:43:8:43:Infinity":13,"s:44:8:44:Infinity":14,"s:46:8:46:Infinity":15,"s:47:8:47:Infinity":16,"s:49:8:49:Infinity":17,"s:50:8:50:Infinity":18,"s:52:8:52:Infinity":19,"s:53:8:53:Infinity":20,"s:55:8:55:Infinity":21,"s:59:2:59:Infinity":22,"f:63:9:63:26":1,"s:64:2:64:Infinity":23,"s:65:2:65:Infinity":24,"s:67:2:67:Infinity":25,"f:73:9:73:17":2,"b:74:2:78:Infinity:76:2:78:Infinity":2,"s:74:2:78:Infinity":26,"s:75:4:75:Infinity":27,"b:76:2:78:Infinity:undefined:undefined:undefined:undefined":3,"s:76:2:78:Infinity":28,"s:77:4:77:Infinity":29,"s:80:2:80:Infinity":30,"f:85:9:85:18":3,"b:86:2:105:Infinity:100:2:105:Infinity":4,"s:86:2:105:Infinity":31,"b:88:4:99:Infinity:undefined:undefined:undefined:undefined":5,"s:88:4:99:Infinity":32,"b:88:8:88:25:88:25:88:69":6,"s:89:28:89:Infinity":33,"b:91:6:98:Infinity:96:13:98:Infinity":7,"s:91:6:98:Infinity":34,"s:92:8:92:Infinity":35,"s:93:8:93:Infinity":36,"s:94:8:94:Infinity":37,"s:97:8:97:Infinity":38,"b:100:2:105:Infinity:undefined:undefined:undefined:undefined":8,"s:100:2:105:Infinity":39,"b:102:4:104:Infinity:undefined:undefined:undefined:undefined":9,"s:102:4:104:Infinity":40,"s:103:6:103:Infinity":41,"s:107:2:107:Infinity":42,"f:111:9:111:18":4,"b:113:2:123:Infinity:118:2:123:Infinity":10,"s:113:2:123:Infinity":43,"b:114:4:117:Infinity:undefined:undefined:undefined:undefined":11,"s:114:4:117:Infinity":44,"s:115:6:115:Infinity":45,"s:116:6:116:Infinity":46,"b:118:2:123:Infinity:undefined:undefined:undefined:undefined":12,"s:118:2:123:Infinity":47,"b:119:4:122:Infinity:undefined:undefined:undefined:undefined":13,"s:119:4:122:Infinity":48,"s:120:6:120:Infinity":49,"s:121:6:121:Infinity":50,"s:125:2:125:Infinity":51}}}
,"C:\\repos\\ts\\interview-questions\\src\\contains-duplicate.ts": {"path":"C:\\repos\\ts\\interview-questions\\src\\contains-duplicate.ts","statementMap":{"0":{"start":{"line":5,"column":2},"end":{"line":11,"column":null}},"1":{"start":{"line":5,"column":15},"end":{"line":5,"column":18}},"2":{"start":{"line":6,"column":18},"end":{"line":6,"column":null}},"3":{"start":{"line":6,"column":40},"end":{"line":6,"column":56}},"4":{"start":{"line":8,"column":4},"end":{"line":10,"column":null}},"5":{"start":{"line":9,"column":6},"end":{"line":9,"column":null}},"6":{"start":{"line":13,"column":2},"end":{"line":13,"column":null}},"7":{"start":{"line":17,"column":2},"end":{"line":17,"column":null}},"8":{"start":{"line":19,"column":2},"end":{"line":24,"column":null}},"9":{"start":{"line":19,"column":15},"end":{"line":19,"column":18}},"10":{"start":{"line":21,"column":4},"end":{"line":23,"column":null}},"11":{"start":{"line":22,"column":6},"end":{"line":22,"column":null}},"12":{"start":{"line":26,"column":2},"end":{"line":26,"column":null}}},"fnMap":{"0":{"name":"containsDuplicate","decl":{"start":{"line":3,"column":16},"end":{"line":3,"column":34}},"loc":{"start":{"line":3,"column":59},"end":{"line":14,"column":null}},"line":3},"1":{"name":"(anonymous_1)","decl":{"start":{"line":6,"column":30},"end":{"line":6,"column":31}},"loc":{"start":{"line":6,"column":40},"end":{"line":6,"column":56}},"line":6},"2":{"name":"containsDuplicate2","decl":{"start":{"line":16,"column":16},"end":{"line":16,"column":35}},"loc":{"start":{"line":16,"column":60},"end":{"line":27,"column":null}},"line":16}},"branchMap":{"0":{"loc":{"start":{"line":8,"column":4},"end":{"line":10,"column":null}},"type":"if","locations":[{"start":{"line":8,"column":4},"end":{"line":10,"column":null}},{"start":{},"end":{}}],"line":8},"1":{"loc":{"start":{"line":21,"column":4},"end":{"line":23,"column":null}},"type":"if","locations":[{"start":{"line":21,"column":4},"end":{"line":23,"column":null}},{"start":{},"end":{}}],"line":21}},"s":{"0":3,"1":3,"2":6,"3":30,"4":6,"5":2,"6":4,"7":3,"8":3,"9":3,"10":5,"11":2,"12":1},"f":{"0":3,"1":30,"2":3},"b":{"0":[2,4],"1":[2,3]},"meta":{"lastBranch":2,"lastFunction":3,"lastStatement":13,"seen":{"f:3:16:3:34":0,"s:5:2:11:Infinity":0,"s:5:15:5:18":1,"s:6:18:6:Infinity":2,"f:6:30:6:31":1,"s:6:40:6:56":3,"b:8:4:10:Infinity:undefined:undefined:undefined:undefined":0,"s:8:4:10:Infinity":4,"s:9:6:9:Infinity":5,"s:13:2:13:Infinity":6,"f:16:16:16:35":2,"s:17:2:17:Infinity":7,"s:19:2:24:Infinity":8,"s:19:15:19:18":9,"b:21:4:23:Infinity:undefined:undefined:undefined:undefined":1,"s:21:4:23:Infinity":10,"s:22:6:22:Infinity":11,"s:26:2:26:Infinity":12}}}
,"C:\\repos\\ts\\interview-questions\\src\\first-recurring-number.ts": {"path":"C:\\repos\\ts\\interview-questions\\src\\first-recurring-number.ts","statementMap":{"0":{"start":{"line":2,"column":28},"end":{"line":2,"column":null}},"1":{"start":{"line":3,"column":2},"end":{"line":8,"column":null}},"2":{"start":{"line":4,"column":4},"end":{"line":6,"column":null}},"3":{"start":{"line":5,"column":6},"end":{"line":5,"column":null}},"4":{"start":{"line":7,"column":4},"end":{"line":7,"column":null}},"5":{"start":{"line":9,"column":2},"end":{"line":9,"column":null}},"6":{"start":{"line":14,"column":2},"end":{"line":21,"column":null}},"7":{"start":{"line":14,"column":15},"end":{"line":14,"column":18}},"8":{"start":{"line":15,"column":4},"end":{"line":20,"column":null}},"9":{"start":{"line":15,"column":17},"end":{"line":15,"column":24}},"10":{"start":{"line":17,"column":6},"end":{"line":19,"column":null}},"11":{"start":{"line":18,"column":8},"end":{"line":18,"column":null}},"12":{"start":{"line":22,"column":2},"end":{"line":22,"column":null}},"13":{"start":{"line":26,"column":17},"end":{"line":26,"column":null}},"14":{"start":{"line":27,"column":2},"end":{"line":34,"column":null}},"15":{"start":{"line":27,"column":15},"end":{"line":27,"column":18}},"16":{"start":{"line":29,"column":4},"end":{"line":33,"column":null}},"17":{"start":{"line":30,"column":6},"end":{"line":30,"column":null}},"18":{"start":{"line":32,"column":6},"end":{"line":32,"column":null}},"19":{"start":{"line":35,"column":2},"end":{"line":35,"column":null}},"20":{"start":{"line":39,"column":33},"end":{"line":39,"column":null}},"21":{"start":{"line":40,"column":2},"end":{"line":47,"column":null}},"22":{"start":{"line":40,"column":15},"end":{"line":40,"column":18}},"23":{"start":{"line":42,"column":4},"end":{"line":46,"column":null}},"24":{"start":{"line":43,"column":6},"end":{"line":43,"column":null}},"25":{"start":{"line":45,"column":6},"end":{"line":45,"column":null}},"26":{"start":{"line":48,"column":2},"end":{"line":48,"column":null}},"27":{"start":{"line":52,"column":23},"end":{"line":52,"column":null}},"28":{"start":{"line":54,"column":2},"end":{"line":59,"column":null}},"29":{"start":{"line":55,"column":4},"end":{"line":57,"column":null}},"30":{"start":{"line":56,"column":6},"end":{"line":56,"column":null}},"31":{"start":{"line":58,"column":4},"end":{"line":58,"column":null}},"32":{"start":{"line":61,"column":2},"end":{"line":61,"column":null}}},"fnMap":{"0":{"name":"firstRecurringNumber","decl":{"start":{"line":1,"column":16},"end":{"line":1,"column":37}},"loc":{"start":{"line":1,"column":72},"end":{"line":10,"column":null}},"line":1},"1":{"name":"firstRecurringNumber2","decl":{"start":{"line":13,"column":16},"end":{"line":13,"column":38}},"loc":{"start":{"line":13,"column":73},"end":{"line":23,"column":null}},"line":13},"2":{"name":"firstRecurringNumber3","decl":{"start":{"line":25,"column":16},"end":{"line":25,"column":38}},"loc":{"start":{"line":25,"column":73},"end":{"line":36,"column":null}},"line":25},"3":{"name":"firstRecurringNumber4","decl":{"start":{"line":38,"column":16},"end":{"line":38,"column":38}},"loc":{"start":{"line":38,"column":73},"end":{"line":49,"column":null}},"line":38},"4":{"name":"firstRecurringNumber5","decl":{"start":{"line":51,"column":16},"end":{"line":51,"column":38}},"loc":{"start":{"line":51,"column":73},"end":{"line":62,"column":null}},"line":51}},"branchMap":{"0":{"loc":{"start":{"line":4,"column":4},"end":{"line":6,"column":null}},"type":"if","locations":[{"start":{"line":4,"column":4},"end":{"line":6,"column":null}},{"start":{},"end":{}}],"line":4},"1":{"loc":{"start":{"line":17,"column":6},"end":{"line":19,"column":null}},"type":"if","locations":[{"start":{"line":17,"column":6},"end":{"line":19,"column":null}},{"start":{},"end":{}}],"line":17},"2":{"loc":{"start":{"line":29,"column":4},"end":{"line":33,"column":null}},"type":"if","locations":[{"start":{"line":29,"column":4},"end":{"line":33,"column":null}},{"start":{"line":31,"column":11},"end":{"line":33,"column":null}}],"line":29},"3":{"loc":{"start":{"line":42,"column":4},"end":{"line":46,"column":null}},"type":"if","locations":[{"start":{"line":42,"column":4},"end":{"line":46,"column":null}},{"start":{"line":44,"column":11},"end":{"line":46,"column":null}}],"line":42},"4":{"loc":{"start":{"line":55,"column":4},"end":{"line":57,"column":null}},"type":"if","locations":[{"start":{"line":55,"column":4},"end":{"line":57,"column":null}},{"start":{},"end":{}}],"line":55}},"s":{"0":3,"1":3,"2":11,"3":2,"4":9,"5":1,"6":2,"7":2,"8":5,"9":5,"10":9,"11":1,"12":1,"13":3,"14":3,"15":3,"16":11,"17":2,"18":9,"19":1,"20":3,"21":3,"22":3,"23":11,"24":2,"25":9,"26":1,"27":3,"28":3,"29":11,"30":2,"31":9,"32":1},"f":{"0":3,"1":2,"2":3,"3":3,"4":3},"b":{"0":[2,9],"1":[1,8],"2":[2,9],"3":[2,9],"4":[2,9]},"meta":{"lastBranch":5,"lastFunction":5,"lastStatement":33,"seen":{"f:1:16:1:37":0,"s:2:28:2:Infinity":0,"s:3:2:8:Infinity":1,"b:4:4:6:Infinity:undefined:undefined:undefined:undefined":0,"s:4:4:6:Infinity":2,"s:5:6:5:Infinity":3,"s:7:4:7:Infinity":4,"s:9:2:9:Infinity":5,"f:13:16:13:38":1,"s:14:2:21:Infinity":6,"s:14:15:14:18":7,"s:15:4:20:Infinity":8,"s:15:17:15:24":9,"b:17:6:19:Infinity:undefined:undefined:undefined:undefined":1,"s:17:6:19:Infinity":10,"s:18:8:18:Infinity":11,"s:22:2:22:Infinity":12,"f:25:16:25:38":2,"s:26:17:26:Infinity":13,"s:27:2:34:Infinity":14,"s:27:15:27:18":15,"b:29:4:33:Infinity:31:11:33:Infinity":2,"s:29:4:33:Infinity":16,"s:30:6:30:Infinity":17,"s:32:6:32:Infinity":18,"s:35:2:35:Infinity":19,"f:38:16:38:38":3,"s:39:33:39:Infinity":20,"s:40:2:47:Infinity":21,"s:40:15:40:18":22,"b:42:4:46:Infinity:44:11:46:Infinity":3,"s:42:4:46:Infinity":23,"s:43:6:43:Infinity":24,"s:45:6:45:Infinity":25,"s:48:2:48:Infinity":26,"f:51:16:51:38":4,"s:52:23:52:Infinity":27,"s:54:2:59:Infinity":28,"b:55:4:57:Infinity:undefined:undefined:undefined:undefined":4,"s:55:4:57:Infinity":29,"s:56:6:56:Infinity":30,"s:58:4:58:Infinity":31,"s:61:2:61:Infinity":32}}}
,"C:\\repos\\ts\\interview-questions\\src\\flatten.ts": {"path":"C:\\repos\\ts\\interview-questions\\src\\flatten.ts","statementMap":{"0":{"start":{"line":4,"column":30},"end":{"line":4,"column":null}},"1":{"start":{"line":5,"column":2},"end":{"line":14,"column":null}},"2":{"start":{"line":5,"column":15},"end":{"line":5,"column":18}},"3":{"start":{"line":6,"column":17},"end":{"line":6,"column":null}},"4":{"start":{"line":7,"column":4},"end":{"line":13,"column":null}},"5":{"start":{"line":10,"column":6},"end":{"line":10,"column":null}},"6":{"start":{"line":12,"column":6},"end":{"line":12,"column":null}},"7":{"start":{"line":15,"column":2},"end":{"line":15,"column":null}},"8":{"start":{"line":21,"column":2},"end":{"line":21,"column":null}},"9":{"start":{"line":26,"column":23},"end":{"line":26,"column":null}},"10":{"start":{"line":27,"column":2},"end":{"line":33,"column":null}},"11":{"start":{"line":28,"column":4},"end":{"line":32,"column":null}},"12":{"start":{"line":29,"column":6},"end":{"line":29,"column":null}},"13":{"start":{"line":31,"column":6},"end":{"line":31,"column":null}},"14":{"start":{"line":35,"column":2},"end":{"line":35,"column":null}}},"fnMap":{"0":{"name":"flatten","decl":{"start":{"line":1,"column":16},"end":{"line":1,"column":24}},"loc":{"start":{"line":1,"column":52},"end":{"line":16,"column":null}},"line":1},"1":{"name":"flatten2","decl":{"start":{"line":18,"column":16},"end":{"line":18,"column":25}},"loc":{"start":{"line":18,"column":53},"end":{"line":22,"column":null}},"line":18},"2":{"name":"flatten3","decl":{"start":{"line":24,"column":16},"end":{"line":24,"column":25}},"loc":{"start":{"line":24,"column":49},"end":{"line":36,"column":null}},"line":24},"3":{"name":"(anonymous_3)","decl":{"start":{"line":27,"column":8},"end":{"line":27,"column":9}},"loc":{"start":{"line":27,"column":18},"end":{"line":33,"column":3}},"line":27}},"branchMap":{"0":{"loc":{"start":{"line":7,"column":4},"end":{"line":13,"column":null}},"type":"if","locations":[{"start":{"line":7,"column":4},"end":{"line":13,"column":null}},{"start":{"line":11,"column":11},"end":{"line":13,"column":null}}],"line":7},"1":{"loc":{"start":{"line":28,"column":4},"end":{"line":32,"column":null}},"type":"if","locations":[{"start":{"line":28,"column":4},"end":{"line":32,"column":null}},{"start":{"line":30,"column":11},"end":{"line":32,"column":null}}],"line":28}},"s":{"0":24,"1":24,"2":24,"3":33,"4":33,"5":16,"6":17,"7":24,"8":4,"9":4,"10":4,"11":9,"12":4,"13":5,"14":4},"f":{"0":24,"1":4,"2":4,"3":9},"b":{"0":[16,17],"1":[4,5]},"meta":{"lastBranch":2,"lastFunction":4,"lastStatement":15,"seen":{"f:1:16:1:24":0,"s:4:30:4:Infinity":0,"s:5:2:14:Infinity":1,"s:5:15:5:18":2,"s:6:17:6:Infinity":3,"b:7:4:13:Infinity:11:11:13:Infinity":0,"s:7:4:13:Infinity":4,"s:10:6:10:Infinity":5,"s:12:6:12:Infinity":6,"s:15:2:15:Infinity":7,"f:18:16:18:25":1,"s:21:2:21:Infinity":8,"f:24:16:24:25":2,"s:26:23:26:Infinity":9,"s:27:2:33:Infinity":10,"f:27:8:27:9":3,"b:28:4:32:Infinity:30:11:32:Infinity":1,"s:28:4:32:Infinity":11,"s:29:6:29:Infinity":12,"s:31:6:31:Infinity":13,"s:35:2:35:Infinity":14}}}
,"C:\\repos\\ts\\interview-questions\\src\\has-balance-point.ts": {"path":"C:\\repos\\ts\\interview-questions\\src\\has-balance-point.ts","statementMap":{"0":{"start":{"line":7,"column":18},"end":{"line":7,"column":null}},"1":{"start":{"line":8,"column":19},"end":{"line":8,"column":null}},"2":{"start":{"line":10,"column":2},"end":{"line":12,"column":null}},"3":{"start":{"line":11,"column":4},"end":{"line":11,"column":null}},"4":{"start":{"line":13,"column":2},"end":{"line":33,"column":null}},"5":{"start":{"line":13,"column":15},"end":{"line":13,"column":18}},"6":{"start":{"line":14,"column":4},"end":{"line":32,"column":null}},"7":{"start":{"line":15,"column":6},"end":{"line":15,"column":null}},"8":{"start":{"line":16,"column":6},"end":{"line":16,"column":null}},"9":{"start":{"line":18,"column":6},"end":{"line":31,"column":null}},"10":{"start":{"line":19,"column":8},"end":{"line":30,"column":null}},"11":{"start":{"line":20,"column":37},"end":{"line":20,"column":42}},"12":{"start":{"line":21,"column":38},"end":{"line":21,"column":43}},"13":{"start":{"line":29,"column":10},"end":{"line":29,"column":null}},"14":{"start":{"line":35,"column":2},"end":{"line":35,"column":null}}},"fnMap":{"0":{"name":"hasBalancePoint","decl":{"start":{"line":1,"column":16},"end":{"line":1,"column":32}},"loc":{"start":{"line":1,"column":58},"end":{"line":36,"column":null}},"line":1},"1":{"name":"(anonymous_1)","decl":{"start":{"line":20,"column":27},"end":{"line":20,"column":28}},"loc":{"start":{"line":20,"column":37},"end":{"line":20,"column":42}},"line":20},"2":{"name":"(anonymous_2)","decl":{"start":{"line":21,"column":28},"end":{"line":21,"column":29}},"loc":{"start":{"line":21,"column":38},"end":{"line":21,"column":43}},"line":21}},"branchMap":{"0":{"loc":{"start":{"line":10,"column":2},"end":{"line":12,"column":null}},"type":"if","locations":[{"start":{"line":10,"column":2},"end":{"line":12,"column":null}},{"start":{},"end":{}}],"line":10},"1":{"loc":{"start":{"line":14,"column":4},"end":{"line":32,"column":null}},"type":"if","locations":[{"start":{"line":14,"column":4},"end":{"line":32,"column":null}},{"start":{},"end":{}}],"line":14},"2":{"loc":{"start":{"line":18,"column":6},"end":{"line":31,"column":null}},"type":"if","locations":[{"start":{"line":18,"column":6},"end":{"line":31,"column":null}},{"start":{},"end":{}}],"line":18},"3":{"loc":{"start":{"line":18,"column":10},"end":{"line":18,"column":57}},"type":"binary-expr","locations":[{"start":{"line":18,"column":10},"end":{"line":18,"column":34}},{"start":{"line":18,"column":34},"end":{"line":18,"column":57}}],"line":18},"4":{"loc":{"start":{"line":19,"column":8},"end":{"line":30,"column":null}},"type":"if","locations":[{"start":{"line":19,"column":8},"end":{"line":30,"column":null}},{"start":{},"end":{}}],"line":19}},"s":{"0":4,"1":4,"2":4,"3":2,"4":2,"5":2,"6":5,"7":5,"8":5,"9":5,"10":3,"11":1,"12":7,"13":1,"14":4},"f":{"0":4,"1":1,"2":7},"b":{"0":[2,2],"1":[5,0],"2":[3,2],"3":[5,3],"4":[1,2]},"meta":{"lastBranch":5,"lastFunction":3,"lastStatement":15,"seen":{"f:1:16:1:32":0,"s:7:18:7:Infinity":0,"s:8:19:8:Infinity":1,"b:10:2:12:Infinity:undefined:undefined:undefined:undefined":0,"s:10:2:12:Infinity":2,"s:11:4:11:Infinity":3,"s:13:2:33:Infinity":4,"s:13:15:13:18":5,"b:14:4:32:Infinity:undefined:undefined:undefined:undefined":1,"s:14:4:32:Infinity":6,"s:15:6:15:Infinity":7,"s:16:6:16:Infinity":8,"b:18:6:31:Infinity:undefined:undefined:undefined:undefined":2,"s:18:6:31:Infinity":9,"b:18:10:18:34:18:34:18:57":3,"b:19:8:30:Infinity:undefined:undefined:undefined:undefined":4,"s:19:8:30:Infinity":10,"f:20:27:20:28":1,"s:20:37:20:42":11,"f:21:28:21:29":2,"s:21:38:21:43":12,"s:29:10:29:Infinity":13,"s:35:2:35:Infinity":14}}}
,"C:\\repos\\ts\\interview-questions\\src\\index.ts": {"path":"C:\\repos\\ts\\interview-questions\\src\\index.ts","statementMap":{"0":{"start":{"line":2,"column":4},"end":{"line":2,"column":null}}},"fnMap":{"0":{"name":"sum","decl":{"start":{"line":1,"column":16},"end":{"line":1,"column":21}},"loc":{"start":{"line":1,"column":55},"end":{"line":3,"column":null}},"line":1}},"branchMap":{},"s":{"0":2},"f":{"0":2},"b":{},"meta":{"lastBranch":0,"lastFunction":1,"lastStatement":1,"seen":{"f:1:16:1:21":0,"s:2:4:2:Infinity":0}}}
,"C:\\repos\\ts\\interview-questions\\src\\invert-case.ts": {"path":"C:\\repos\\ts\\interview-questions\\src\\invert-case.ts","statementMap":{"0":{"start":{"line":4,"column":2},"end":{"line":9,"column":null}},"1":{"start":{"line":7,"column":6},"end":{"line":7,"column":null}},"2":{"start":{"line":15,"column":2},"end":{"line":22,"column":null}},"3":{"start":{"line":18,"column":6},"end":{"line":20,"column":null}},"4":{"start":{"line":28,"column":18},"end":{"line":28,"column":null}},"5":{"start":{"line":30,"column":23},"end":{"line":30,"column":null}},"6":{"start":{"line":31,"column":2},"end":{"line":37,"column":null}},"7":{"start":{"line":31,"column":15},"end":{"line":31,"column":18}},"8":{"start":{"line":32,"column":4},"end":{"line":36,"column":null}},"9":{"start":{"line":33,"column":6},"end":{"line":33,"column":null}},"10":{"start":{"line":35,"column":6},"end":{"line":35,"column":null}},"11":{"start":{"line":39,"column":2},"end":{"line":39,"column":null}},"12":{"start":{"line":44,"column":2},"end":{"line":46,"column":null}},"13":{"start":{"line":45,"column":4},"end":{"line":45,"column":null}},"14":{"start":{"line":51,"column":2},"end":{"line":53,"column":null}},"15":{"start":{"line":52,"column":4},"end":{"line":52,"column":null}},"16":{"start":{"line":57,"column":18},"end":{"line":57,"column":null}},"17":{"start":{"line":58,"column":23},"end":{"line":58,"column":null}},"18":{"start":{"line":59,"column":2},"end":{"line":66,"column":null}},"19":{"start":{"line":61,"column":4},"end":{"line":65,"column":null}},"20":{"start":{"line":62,"column":6},"end":{"line":62,"column":null}},"21":{"start":{"line":64,"column":6},"end":{"line":64,"column":null}},"22":{"start":{"line":67,"column":2},"end":{"line":67,"column":null}}},"fnMap":{"0":{"name":"invertCase","decl":{"start":{"line":2,"column":16},"end":{"line":2,"column":27}},"loc":{"start":{"line":2,"column":46},"end":{"line":10,"column":null}},"line":2},"1":{"name":"(anonymous_1)","decl":{"start":{"line":6,"column":9},"end":{"line":6,"column":10}},"loc":{"start":{"line":7,"column":6},"end":{"line":7,"column":null}},"line":7},"2":{"name":"invertCase2","decl":{"start":{"line":13,"column":16},"end":{"line":13,"column":28}},"loc":{"start":{"line":13,"column":47},"end":{"line":23,"column":null}},"line":13},"3":{"name":"(anonymous_3)","decl":{"start":{"line":17,"column":9},"end":{"line":17,"column":10}},"loc":{"start":{"line":18,"column":6},"end":{"line":20,"column":null}},"line":18},"4":{"name":"invertCase3","decl":{"start":{"line":26,"column":16},"end":{"line":26,"column":28}},"loc":{"start":{"line":26,"column":47},"end":{"line":40,"column":null}},"line":26},"5":{"name":"invertCase4","decl":{"start":{"line":43,"column":16},"end":{"line":43,"column":28}},"loc":{"start":{"line":43,"column":47},"end":{"line":47,"column":null}},"line":43},"6":{"name":"(anonymous_6)","decl":{"start":{"line":44,"column":32},"end":{"line":44,"column":33}},"loc":{"start":{"line":45,"column":4},"end":{"line":45,"column":null}},"line":45},"7":{"name":"invertCase5","decl":{"start":{"line":50,"column":16},"end":{"line":50,"column":28}},"loc":{"start":{"line":50,"column":47},"end":{"line":54,"column":null}},"line":50},"8":{"name":"(anonymous_8)","decl":{"start":{"line":51,"column":32},"end":{"line":51,"column":33}},"loc":{"start":{"line":52,"column":4},"end":{"line":52,"column":null}},"line":52},"9":{"name":"invertCase6","decl":{"start":{"line":56,"column":16},"end":{"line":56,"column":28}},"loc":{"start":{"line":56,"column":47},"end":{"line":68,"column":null}},"line":56}},"branchMap":{"0":{"loc":{"start":{"line":7,"column":6},"end":{"line":7,"column":null}},"type":"cond-expr","locations":[{"start":{"line":7,"column":36},"end":{"line":7,"column":57}},{"start":{"line":7,"column":57},"end":{"line":7,"column":null}}],"line":7},"1":{"loc":{"start":{"line":19,"column":8},"end":{"line":19,"column":null}},"type":"cond-expr","locations":[{"start":{"line":19,"column":36},"end":{"line":19,"column":57}},{"start":{"line":19,"column":57},"end":{"line":19,"column":null}}],"line":19},"2":{"loc":{"start":{"line":32,"column":4},"end":{"line":36,"column":null}},"type":"if","locations":[{"start":{"line":32,"column":4},"end":{"line":36,"column":null}},{"start":{"line":34,"column":11},"end":{"line":36,"column":null}}],"line":32},"3":{"loc":{"start":{"line":45,"column":4},"end":{"line":45,"column":null}},"type":"cond-expr","locations":[{"start":{"line":45,"column":34},"end":{"line":45,"column":55}},{"start":{"line":45,"column":55},"end":{"line":45,"column":null}}],"line":45},"4":{"loc":{"start":{"line":61,"column":4},"end":{"line":65,"column":null}},"type":"if","locations":[{"start":{"line":61,"column":4},"end":{"line":65,"column":null}},{"start":{"line":63,"column":11},"end":{"line":65,"column":null}}],"line":61}},"s":{"0":4,"1":35,"2":4,"3":35,"4":4,"5":4,"6":4,"7":4,"8":35,"9":17,"10":18,"11":4,"12":4,"13":33,"14":4,"15":33,"16":4,"17":4,"18":4,"19":35,"20":2,"21":33,"22":4},"f":{"0":4,"1":35,"2":4,"3":35,"4":4,"5":4,"6":33,"7":4,"8":33,"9":4},"b":{"0":[20,15],"1":[2,33],"2":[17,18],"3":[18,15],"4":[2,33]},"meta":{"lastBranch":5,"lastFunction":10,"lastStatement":23,"seen":{"f:2:16:2:27":0,"s:4:2:9:Infinity":0,"f:6:9:6:10":1,"s:7:6:7:Infinity":1,"b:7:36:7:57:7:57:7:Infinity":0,"f:13:16:13:28":2,"s:15:2:22:Infinity":2,"f:17:9:17:10":3,"s:18:6:20:Infinity":3,"b:19:36:19:57:19:57:19:Infinity":1,"f:26:16:26:28":4,"s:28:18:28:Infinity":4,"s:30:23:30:Infinity":5,"s:31:2:37:Infinity":6,"s:31:15:31:18":7,"b:32:4:36:Infinity:34:11:36:Infinity":2,"s:32:4:36:Infinity":8,"s:33:6:33:Infinity":9,"s:35:6:35:Infinity":10,"s:39:2:39:Infinity":11,"f:43:16:43:28":5,"s:44:2:46:Infinity":12,"f:44:32:44:33":6,"s:45:4:45:Infinity":13,"b:45:34:45:55:45:55:45:Infinity":3,"f:50:16:50:28":7,"s:51:2:53:Infinity":14,"f:51:32:51:33":8,"s:52:4:52:Infinity":15,"f:56:16:56:28":9,"s:57:18:57:Infinity":16,"s:58:23:58:Infinity":17,"s:59:2:66:Infinity":18,"b:61:4:65:Infinity:63:11:65:Infinity":4,"s:61:4:65:Infinity":19,"s:62:6:62:Infinity":20,"s:64:6:64:Infinity":21,"s:67:2:67:Infinity":22}}}
,"C:\\repos\\ts\\interview-questions\\src\\longest-word.ts": {"path":"C:\\repos\\ts\\interview-questions\\src\\longest-word.ts","statementMap":{"0":{"start":{"line":3,"column":16},"end":{"line":3,"column":null}},"1":{"start":{"line":5,"column":2},"end":{"line":5,"column":null}},"2":{"start":{"line":5,"column":24},"end":{"line":5,"column":43}},"3":{"start":{"line":7,"column":2},"end":{"line":7,"column":null}}},"fnMap":{"0":{"name":"longestWord","decl":{"start":{"line":2,"column":16},"end":{"line":2,"column":28}},"loc":{"start":{"line":2,"column":54},"end":{"line":8,"column":null}},"line":2},"1":{"name":"(anonymous_1)","decl":{"start":{"line":5,"column":14},"end":{"line":5,"column":15}},"loc":{"start":{"line":5,"column":24},"end":{"line":5,"column":43}},"line":5}},"branchMap":{"0":{"loc":{"start":{"line":7,"column":9},"end":{"line":7,"column":null}},"type":"cond-expr","locations":[{"start":{"line":7,"column":17},"end":{"line":7,"column":28}},{"start":{"line":7,"column":28},"end":{"line":7,"column":null}}],"line":7}},"s":{"0":7,"1":7,"2":115,"3":7},"f":{"0":7,"1":115},"b":{"0":[6,1]},"meta":{"lastBranch":1,"lastFunction":2,"lastStatement":4,"seen":{"f:2:16:2:28":0,"s:3:16:3:Infinity":0,"s:5:2:5:Infinity":1,"f:5:14:5:15":1,"s:5:24:5:43":2,"s:7:2:7:Infinity":3,"b:7:17:7:28:7:28:7:Infinity":0}}}
,"C:\\repos\\ts\\interview-questions\\src\\maximum-subarray.ts": {"path":"C:\\repos\\ts\\interview-questions\\src\\maximum-subarray.ts","statementMap":{"0":{"start":{"line":4,"column":19},"end":{"line":4,"column":null}},"1":{"start":{"line":5,"column":19},"end":{"line":5,"column":null}},"2":{"start":{"line":8,"column":2},"end":{"line":17,"column":null}},"3":{"start":{"line":8,"column":15},"end":{"line":8,"column":18}},"4":{"start":{"line":9,"column":4},"end":{"line":9,"column":null}},"5":{"start":{"line":10,"column":4},"end":{"line":13,"column":null}},"6":{"start":{"line":11,"column":6},"end":{"line":11,"column":null}},"7":{"start":{"line":14,"column":4},"end":{"line":16,"column":null}},"8":{"start":{"line":15,"column":6},"end":{"line":15,"column":null}},"9":{"start":{"line":21,"column":2},"end":{"line":21,"column":null}}},"fnMap":{"0":{"name":"maxSubArray","decl":{"start":{"line":3,"column":16},"end":{"line":3,"column":28}},"loc":{"start":{"line":3,"column":52},"end":{"line":22,"column":null}},"line":3}},"branchMap":{"0":{"loc":{"start":{"line":10,"column":4},"end":{"line":13,"column":null}},"type":"if","locations":[{"start":{"line":10,"column":4},"end":{"line":13,"column":null}},{"start":{},"end":{}}],"line":10},"1":{"loc":{"start":{"line":14,"column":4},"end":{"line":16,"column":null}},"type":"if","locations":[{"start":{"line":14,"column":4},"end":{"line":16,"column":null}},{"start":{},"end":{}}],"line":14}},"s":{"0":4,"1":4,"2":4,"3":4,"4":15,"5":15,"6":9,"7":15,"8":2,"9":4},"f":{"0":4},"b":{"0":[9,6],"1":[2,13]},"meta":{"lastBranch":2,"lastFunction":1,"lastStatement":10,"seen":{"f:3:16:3:28":0,"s:4:19:4:Infinity":0,"s:5:19:5:Infinity":1,"s:8:2:17:Infinity":2,"s:8:15:8:18":3,"s:9:4:9:Infinity":4,"b:10:4:13:Infinity:undefined:undefined:undefined:undefined":0,"s:10:4:13:Infinity":5,"s:11:6:11:Infinity":6,"b:14:4:16:Infinity:undefined:undefined:undefined:undefined":1,"s:14:4:16:Infinity":7,"s:15:6:15:Infinity":8,"s:21:2:21:Infinity":9}}}
,"C:\\repos\\ts\\interview-questions\\src\\merge-sorted-arrays.ts": {"path":"C:\\repos\\ts\\interview-questions\\src\\merge-sorted-arrays.ts","statementMap":{"0":{"start":{"line":2,"column":27},"end":{"line":2,"column":null}},"1":{"start":{"line":3,"column":10},"end":{"line":3,"column":null}},"2":{"start":{"line":4,"column":10},"end":{"line":4,"column":null}},"3":{"start":{"line":5,"column":2},"end":{"line":13,"column":null}},"4":{"start":{"line":6,"column":4},"end":{"line":12,"column":null}},"5":{"start":{"line":7,"column":6},"end":{"line":7,"column":null}},"6":{"start":{"line":8,"column":6},"end":{"line":8,"column":null}},"7":{"start":{"line":10,"column":6},"end":{"line":10,"column":null}},"8":{"start":{"line":11,"column":6},"end":{"line":11,"column":null}},"9":{"start":{"line":14,"column":2},"end":{"line":17,"column":null}},"10":{"start":{"line":15,"column":4},"end":{"line":15,"column":null}},"11":{"start":{"line":16,"column":4},"end":{"line":16,"column":null}},"12":{"start":{"line":18,"column":2},"end":{"line":21,"column":null}},"13":{"start":{"line":19,"column":4},"end":{"line":19,"column":null}},"14":{"start":{"line":20,"column":4},"end":{"line":20,"column":null}},"15":{"start":{"line":22,"column":2},"end":{"line":22,"column":null}},"16":{"start":{"line":26,"column":2},"end":{"line":26,"column":null}},"17":{"start":{"line":26,"column":43},"end":{"line":26,"column":48}},"18":{"start":{"line":33,"column":22},"end":{"line":33,"column":null}},"19":{"start":{"line":35,"column":2},"end":{"line":37,"column":null}},"20":{"start":{"line":36,"column":4},"end":{"line":36,"column":null}},"21":{"start":{"line":38,"column":2},"end":{"line":40,"column":null}},"22":{"start":{"line":39,"column":4},"end":{"line":39,"column":null}},"23":{"start":{"line":42,"column":19},"end":{"line":42,"column":null}},"24":{"start":{"line":43,"column":19},"end":{"line":43,"column":null}},"25":{"start":{"line":44,"column":10},"end":{"line":44,"column":null}},"26":{"start":{"line":45,"column":10},"end":{"line":45,"column":null}},"27":{"start":{"line":47,"column":2},"end":{"line":57,"column":null}},"28":{"start":{"line":48,"column":4},"end":{"line":56,"column":null}},"29":{"start":{"line":49,"column":6},"end":{"line":49,"column":null}},"30":{"start":{"line":50,"column":6},"end":{"line":50,"column":null}},"31":{"start":{"line":51,"column":6},"end":{"line":51,"column":null}},"32":{"start":{"line":53,"column":6},"end":{"line":53,"column":null}},"33":{"start":{"line":54,"column":6},"end":{"line":54,"column":null}},"34":{"start":{"line":55,"column":6},"end":{"line":55,"column":null}},"35":{"start":{"line":58,"column":2},"end":{"line":58,"column":null}},"36":{"start":{"line":65,"column":22},"end":{"line":65,"column":null}},"37":{"start":{"line":66,"column":2},"end":{"line":75,"column":null}},"38":{"start":{"line":66,"column":15},"end":{"line":66,"column":18}},"39":{"start":{"line":67,"column":4},"end":{"line":74,"column":null}},"40":{"start":{"line":67,"column":17},"end":{"line":67,"column":20}},"41":{"start":{"line":68,"column":6},"end":{"line":73,"column":null}},"42":{"start":{"line":69,"column":8},"end":{"line":69,"column":null}},"43":{"start":{"line":70,"column":8},"end":{"line":70,"column":null}},"44":{"start":{"line":72,"column":8},"end":{"line":72,"column":null}},"45":{"start":{"line":77,"column":2},"end":{"line":77,"column":null}},"46":{"start":{"line":81,"column":32},"end":{"line":81,"column":null}},"47":{"start":{"line":82,"column":2},"end":{"line":82,"column":null}},"48":{"start":{"line":83,"column":2},"end":{"line":83,"column":null}},"49":{"start":{"line":83,"column":29},"end":{"line":83,"column":34}},"50":{"start":{"line":85,"column":2},"end":{"line":85,"column":null}}},"fnMap":{"0":{"name":"mergeSortedArrays","decl":{"start":{"line":1,"column":16},"end":{"line":1,"column":34}},"loc":{"start":{"line":1,"column":76},"end":{"line":23,"column":null}},"line":1},"1":{"name":"mergeSortedArrays2","decl":{"start":{"line":25,"column":16},"end":{"line":25,"column":35}},"loc":{"start":{"line":25,"column":77},"end":{"line":27,"column":null}},"line":25},"2":{"name":"(anonymous_2)","decl":{"start":{"line":26,"column":33},"end":{"line":26,"column":34}},"loc":{"start":{"line":26,"column":43},"end":{"line":26,"column":48}},"line":26},"3":{"name":"mergeSortedArrays3","decl":{"start":{"line":29,"column":16},"end":{"line":29,"column":null}},"loc":{"start":{"line":32,"column":12},"end":{"line":59,"column":null}},"line":32},"4":{"name":"mergeSortedArrays4","decl":{"start":{"line":61,"column":16},"end":{"line":61,"column":null}},"loc":{"start":{"line":64,"column":12},"end":{"line":78,"column":null}},"line":64},"5":{"name":"mergeSortedArrays5","decl":{"start":{"line":80,"column":16},"end":{"line":80,"column":35}},"loc":{"start":{"line":80,"column":77},"end":{"line":86,"column":null}},"line":80},"6":{"name":"(anonymous_6)","decl":{"start":{"line":83,"column":19},"end":{"line":83,"column":20}},"loc":{"start":{"line":83,"column":29},"end":{"line":83,"column":34}},"line":83}},"branchMap":{"0":{"loc":{"start":{"line":5,"column":9},"end":{"line":5,"column":45}},"type":"binary-expr","locations":[{"start":{"line":5,"column":9},"end":{"line":5,"column":28}},{"start":{"line":5,"column":28},"end":{"line":5,"column":45}}],"line":5},"1":{"loc":{"start":{"line":6,"column":4},"end":{"line":12,"column":null}},"type":"if","locations":[{"start":{"line":6,"column":4},"end":{"line":12,"column":null}},{"start":{"line":9,"column":11},"end":{"line":12,"column":null}}],"line":6},"2":{"loc":{"start":{"line":35,"column":2},"end":{"line":37,"column":null}},"type":"if","locations":[{"start":{"line":35,"column":2},"end":{"line":37,"column":null}},{"start":{},"end":{}}],"line":35},"3":{"loc":{"start":{"line":38,"column":2},"end":{"line":40,"column":null}},"type":"if","locations":[{"start":{"line":38,"column":2},"end":{"line":40,"column":null}},{"start":{},"end":{}}],"line":38},"4":{"loc":{"start":{"line":47,"column":9},"end":{"line":47,"column":35}},"type":"binary-expr","locations":[{"start":{"line":47,"column":9},"end":{"line":47,"column":23}},{"start":{"line":47,"column":23},"end":{"line":47,"column":35}}],"line":47},"5":{"loc":{"start":{"line":48,"column":4},"end":{"line":56,"column":null}},"type":"if","locations":[{"start":{"line":48,"column":4},"end":{"line":56,"column":null}},{"start":{"line":52,"column":11},"end":{"line":56,"column":null}}],"line":48},"6":{"loc":{"start":{"line":48,"column":8},"end":{"line":48,"column":61}},"type":"binary-expr","locations":[{"start":{"line":48,"column":8},"end":{"line":48,"column":36}},{"start":{"line":48,"column":36},"end":{"line":48,"column":61}}],"line":48},"7":{"loc":{"start":{"line":68,"column":6},"end":{"line":73,"column":null}},"type":"if","locations":[{"start":{"line":68,"column":6},"end":{"line":73,"column":null}},{"start":{"line":71,"column":13},"end":{"line":73,"column":null}}],"line":68},"8":{"loc":{"start":{"line":68,"column":10},"end":{"line":68,"column":57}},"type":"binary-expr","locations":[{"start":{"line":68,"column":10},"end":{"line":68,"column":36}},{"start":{"line":68,"column":36},"end":{"line":68,"column":57}}],"line":68}},"s":{"0":2,"1":2,"2":2,"3":2,"4":6,"5":3,"6":3,"7":3,"8":3,"9":2,"10":1,"11":1,"12":2,"13":0,"14":0,"15":2,"16":2,"17":12,"18":2,"19":2,"20":1,"21":1,"22":0,"23":1,"24":1,"25":1,"26":1,"27":1,"28":7,"29":4,"30":4,"31":4,"32":3,"33":3,"34":3,"35":1,"36":2,"37":2,"38":2,"39":4,"40":4,"41":7,"42":4,"43":4,"44":3,"45":2,"46":2,"47":2,"48":2,"49":12,"50":2},"f":{"0":2,"1":2,"2":12,"3":2,"4":2,"5":2,"6":12},"b":{"0":[2,7],"1":[3,3],"2":[1,1],"3":[0,1],"4":[1,2],"5":[4,3],"6":[7,6],"7":[4,3],"8":[7,4]},"meta":{"lastBranch":9,"lastFunction":7,"lastStatement":51,"seen":{"f:1:16:1:34":0,"s:2:27:2:Infinity":0,"s:3:10:3:Infinity":1,"s:4:10:4:Infinity":2,"s:5:2:13:Infinity":3,"b:5:9:5:28:5:28:5:45":0,"b:6:4:12:Infinity:9:11:12:Infinity":1,"s:6:4:12:Infinity":4,"s:7:6:7:Infinity":5,"s:8:6:8:Infinity":6,"s:10:6:10:Infinity":7,"s:11:6:11:Infinity":8,"s:14:2:17:Infinity":9,"s:15:4:15:Infinity":10,"s:16:4:16:Infinity":11,"s:18:2:21:Infinity":12,"s:19:4:19:Infinity":13,"s:20:4:20:Infinity":14,"s:22:2:22:Infinity":15,"f:25:16:25:35":1,"s:26:2:26:Infinity":16,"f:26:33:26:34":2,"s:26:43:26:48":17,"f:29:16:29:Infinity":3,"s:33:22:33:Infinity":18,"b:35:2:37:Infinity:undefined:undefined:undefined:undefined":2,"s:35:2:37:Infinity":19,"s:36:4:36:Infinity":20,"b:38:2:40:Infinity:undefined:undefined:undefined:undefined":3,"s:38:2:40:Infinity":21,"s:39:4:39:Infinity":22,"s:42:19:42:Infinity":23,"s:43:19:43:Infinity":24,"s:44:10:44:Infinity":25,"s:45:10:45:Infinity":26,"s:47:2:57:Infinity":27,"b:47:9:47:23:47:23:47:35":4,"b:48:4:56:Infinity:52:11:56:Infinity":5,"s:48:4:56:Infinity":28,"b:48:8:48:36:48:36:48:61":6,"s:49:6:49:Infinity":29,"s:50:6:50:Infinity":30,"s:51:6:51:Infinity":31,"s:53:6:53:Infinity":32,"s:54:6:54:Infinity":33,"s:55:6:55:Infinity":34,"s:58:2:58:Infinity":35,"f:61:16:61:Infinity":4,"s:65:22:65:Infinity":36,"s:66:2:75:Infinity":37,"s:66:15:66:18":38,"s:67:4:74:Infinity":39,"s:67:17:67:20":40,"b:68:6:73:Infinity:71:13:73:Infinity":7,"s:68:6:73:Infinity":41,"b:68:10:68:36:68:36:68:57":8,"s:69:8:69:Infinity":42,"s:70:8:70:Infinity":43,"s:72:8:72:Infinity":44,"s:77:2:77:Infinity":45,"f:80:16:80:35":5,"s:81:32:81:Infinity":46,"s:82:2:82:Infinity":47,"s:83:2:83:Infinity":48,"f:83:19:83:20":6,"s:83:29:83:34":49,"s:85:2:85:Infinity":50}}}
,"C:\\repos\\ts\\interview-questions\\src\\mode.ts": {"path":"C:\\repos\\ts\\interview-questions\\src\\mode.ts","statementMap":{"0":{"start":{"line":4,"column":16},"end":{"line":4,"column":null}},"1":{"start":{"line":5,"column":23},"end":{"line":5,"column":null}},"2":{"start":{"line":7,"column":22},"end":{"line":7,"column":null}},"3":{"start":{"line":9,"column":2},"end":{"line":15,"column":null}},"4":{"start":{"line":9,"column":15},"end":{"line":9,"column":18}},"5":{"start":{"line":10,"column":17},"end":{"line":10,"column":null}},"6":{"start":{"line":10,"column":46},"end":{"line":10,"column":69}},"7":{"start":{"line":11,"column":4},"end":{"line":14,"column":null}},"8":{"start":{"line":12,"column":6},"end":{"line":12,"column":null}},"9":{"start":{"line":13,"column":6},"end":{"line":13,"column":null}},"10":{"start":{"line":17,"column":2},"end":{"line":17,"column":null}},"11":{"start":{"line":23,"column":16},"end":{"line":23,"column":null}},"12":{"start":{"line":24,"column":23},"end":{"line":24,"column":null}},"13":{"start":{"line":26,"column":2},"end":{"line":32,"column":null}},"14":{"start":{"line":27,"column":17},"end":{"line":27,"column":null}},"15":{"start":{"line":27,"column":40},"end":{"line":27,"column":54}},"16":{"start":{"line":28,"column":4},"end":{"line":31,"column":null}},"17":{"start":{"line":29,"column":6},"end":{"line":29,"column":null}},"18":{"start":{"line":30,"column":6},"end":{"line":30,"column":null}},"19":{"start":{"line":34,"column":2},"end":{"line":34,"column":null}},"20":{"start":{"line":40,"column":16},"end":{"line":40,"column":null}},"21":{"start":{"line":41,"column":13},"end":{"line":41,"column":null}},"22":{"start":{"line":42,"column":23},"end":{"line":42,"column":null}},"23":{"start":{"line":44,"column":22},"end":{"line":44,"column":null}},"24":{"start":{"line":49,"column":2},"end":{"line":51,"column":null}},"25":{"start":{"line":50,"column":4},"end":{"line":50,"column":null}},"26":{"start":{"line":53,"column":2},"end":{"line":61,"column":null}},"27":{"start":{"line":53,"column":15},"end":{"line":53,"column":18}},"28":{"start":{"line":54,"column":4},"end":{"line":56,"column":null}},"29":{"start":{"line":55,"column":6},"end":{"line":55,"column":null}},"30":{"start":{"line":57,"column":4},"end":{"line":60,"column":null}},"31":{"start":{"line":58,"column":6},"end":{"line":58,"column":null}},"32":{"start":{"line":59,"column":6},"end":{"line":59,"column":null}},"33":{"start":{"line":72,"column":2},"end":{"line":72,"column":null}}},"fnMap":{"0":{"name":"mode","decl":{"start":{"line":1,"column":16},"end":{"line":1,"column":21}},"loc":{"start":{"line":1,"column":44},"end":{"line":18,"column":null}},"line":1},"1":{"name":"(anonymous_1)","decl":{"start":{"line":10,"column":36},"end":{"line":10,"column":37}},"loc":{"start":{"line":10,"column":46},"end":{"line":10,"column":69}},"line":10},"2":{"name":"mode2","decl":{"start":{"line":20,"column":16},"end":{"line":20,"column":22}},"loc":{"start":{"line":20,"column":45},"end":{"line":35,"column":null}},"line":20},"3":{"name":"(anonymous_3)","decl":{"start":{"line":26,"column":12},"end":{"line":26,"column":13}},"loc":{"start":{"line":26,"column":23},"end":{"line":32,"column":3}},"line":26},"4":{"name":"(anonymous_4)","decl":{"start":{"line":27,"column":30},"end":{"line":27,"column":31}},"loc":{"start":{"line":27,"column":40},"end":{"line":27,"column":54}},"line":27},"5":{"name":"mode3","decl":{"start":{"line":37,"column":16},"end":{"line":37,"column":22}},"loc":{"start":{"line":37,"column":45},"end":{"line":73,"column":null}},"line":37}},"branchMap":{"0":{"loc":{"start":{"line":11,"column":4},"end":{"line":14,"column":null}},"type":"if","locations":[{"start":{"line":11,"column":4},"end":{"line":14,"column":null}},{"start":{},"end":{}}],"line":11},"1":{"loc":{"start":{"line":28,"column":4},"end":{"line":31,"column":null}},"type":"if","locations":[{"start":{"line":28,"column":4},"end":{"line":31,"column":null}},{"start":{},"end":{}}],"line":28},"2":{"loc":{"start":{"line":49,"column":2},"end":{"line":51,"column":null}},"type":"if","locations":[{"start":{"line":49,"column":2},"end":{"line":51,"column":null}},{"start":{},"end":{}}],"line":49},"3":{"loc":{"start":{"line":54,"column":4},"end":{"line":56,"column":null}},"type":"if","locations":[{"start":{"line":54,"column":4},"end":{"line":56,"column":null}},{"start":{},"end":{}}],"line":54},"4":{"loc":{"start":{"line":57,"column":4},"end":{"line":60,"column":null}},"type":"if","locations":[{"start":{"line":57,"column":4},"end":{"line":60,"column":null}},{"start":{},"end":{}}],"line":57}},"s":{"0":3,"1":3,"2":3,"3":3,"4":3,"5":13,"6":81,"7":13,"8":5,"9":5,"10":13,"11":3,"12":3,"13":3,"14":13,"15":81,"16":13,"17":5,"18":5,"19":3,"20":3,"21":3,"22":3,"23":3,"24":3,"25":1,"26":2,"27":2,"28":10,"29":2,"30":10,"31":4,"32":4,"33":2},"f":{"0":3,"1":81,"2":3,"3":13,"4":81,"5":3},"b":{"0":[5,8],"1":[5,8],"2":[1,2],"3":[2,8],"4":[4,6]},"meta":{"lastBranch":5,"lastFunction":6,"lastStatement":34,"seen":{"f:1:16:1:21":0,"s:4:16:4:Infinity":0,"s:5:23:5:Infinity":1,"s:7:22:7:Infinity":2,"s:9:2:15:Infinity":3,"s:9:15:9:18":4,"s:10:17:10:Infinity":5,"f:10:36:10:37":1,"s:10:46:10:69":6,"b:11:4:14:Infinity:undefined:undefined:undefined:undefined":0,"s:11:4:14:Infinity":7,"s:12:6:12:Infinity":8,"s:13:6:13:Infinity":9,"s:17:2:17:Infinity":10,"f:20:16:20:22":2,"s:23:16:23:Infinity":11,"s:24:23:24:Infinity":12,"s:26:2:32:Infinity":13,"f:26:12:26:13":3,"s:27:17:27:Infinity":14,"f:27:30:27:31":4,"s:27:40:27:54":15,"b:28:4:31:Infinity:undefined:undefined:undefined:undefined":1,"s:28:4:31:Infinity":16,"s:29:6:29:Infinity":17,"s:30:6:30:Infinity":18,"s:34:2:34:Infinity":19,"f:37:16:37:22":5,"s:40:16:40:Infinity":20,"s:41:13:41:Infinity":21,"s:42:23:42:Infinity":22,"s:44:22:44:Infinity":23,"b:49:2:51:Infinity:undefined:undefined:undefined:undefined":2,"s:49:2:51:Infinity":24,"s:50:4:50:Infinity":25,"s:53:2:61:Infinity":26,"s:53:15:53:18":27,"b:54:4:56:Infinity:undefined:undefined:undefined:undefined":3,"s:54:4:56:Infinity":28,"s:55:6:55:Infinity":29,"b:57:4:60:Infinity:undefined:undefined:undefined:undefined":4,"s:57:4:60:Infinity":30,"s:58:6:58:Infinity":31,"s:59:6:59:Infinity":32,"s:72:2:72:Infinity":33}}}
,"C:\\repos\\ts\\interview-questions\\src\\move-zeroes.ts": {"path":"C:\\repos\\ts\\interview-questions\\src\\move-zeroes.ts","statementMap":{"0":{"start":{"line":4,"column":18},"end":{"line":4,"column":null}},"1":{"start":{"line":5,"column":2},"end":{"line":10,"column":null}},"2":{"start":{"line":6,"column":4},"end":{"line":9,"column":null}},"3":{"start":{"line":7,"column":6},"end":{"line":7,"column":null}},"4":{"start":{"line":8,"column":6},"end":{"line":8,"column":null}},"5":{"start":{"line":12,"column":2},"end":{"line":15,"column":null}},"6":{"start":{"line":13,"column":4},"end":{"line":13,"column":null}},"7":{"start":{"line":14,"column":4},"end":{"line":14,"column":null}},"8":{"start":{"line":18,"column":2},"end":{"line":18,"column":null}},"9":{"start":{"line":23,"column":20},"end":{"line":23,"column":null}},"10":{"start":{"line":23,"column":42},"end":{"line":23,"column":52}},"11":{"start":{"line":25,"column":23},"end":{"line":25,"column":null}},"12":{"start":{"line":25,"column":44},"end":{"line":25,"column":53}},"13":{"start":{"line":27,"column":2},"end":{"line":29,"column":null}},"14":{"start":{"line":27,"column":15},"end":{"line":27,"column":18}},"15":{"start":{"line":28,"column":4},"end":{"line":28,"column":null}},"16":{"start":{"line":32,"column":2},"end":{"line":32,"column":null}}},"fnMap":{"0":{"name":"moveZeroes","decl":{"start":{"line":3,"column":16},"end":{"line":3,"column":27}},"loc":{"start":{"line":3,"column":53},"end":{"line":19,"column":null}},"line":3},"1":{"name":"moveZeroes2","decl":{"start":{"line":21,"column":16},"end":{"line":21,"column":28}},"loc":{"start":{"line":21,"column":54},"end":{"line":33,"column":null}},"line":21},"2":{"name":"(anonymous_2)","decl":{"start":{"line":23,"column":32},"end":{"line":23,"column":33}},"loc":{"start":{"line":23,"column":42},"end":{"line":23,"column":52}},"line":23},"3":{"name":"(anonymous_3)","decl":{"start":{"line":25,"column":35},"end":{"line":25,"column":36}},"loc":{"start":{"line":25,"column":44},"end":{"line":25,"column":53}},"line":25}},"branchMap":{"0":{"loc":{"start":{"line":6,"column":4},"end":{"line":9,"column":null}},"type":"if","locations":[{"start":{"line":6,"column":4},"end":{"line":9,"column":null}},{"start":{},"end":{}}],"line":6}},"s":{"0":3,"1":3,"2":15,"3":8,"4":8,"5":3,"6":7,"7":7,"8":3,"9":3,"10":15,"11":3,"12":15,"13":3,"14":3,"15":7,"16":3},"f":{"0":3,"1":3,"2":15,"3":15},"b":{"0":[8,7]},"meta":{"lastBranch":1,"lastFunction":4,"lastStatement":17,"seen":{"f:3:16:3:27":0,"s:4:18:4:Infinity":0,"s:5:2:10:Infinity":1,"b:6:4:9:Infinity:undefined:undefined:undefined:undefined":0,"s:6:4:9:Infinity":2,"s:7:6:7:Infinity":3,"s:8:6:8:Infinity":4,"s:12:2:15:Infinity":5,"s:13:4:13:Infinity":6,"s:14:4:14:Infinity":7,"s:18:2:18:Infinity":8,"f:21:16:21:28":1,"s:23:20:23:Infinity":9,"f:23:32:23:33":2,"s:23:42:23:52":10,"s:25:23:25:Infinity":11,"f:25:35:25:36":3,"s:25:44:25:53":12,"s:27:2:29:Infinity":13,"s:27:15:27:18":14,"s:28:4:28:Infinity":15,"s:32:2:32:Infinity":16}}}
,"C:\\repos\\ts\\interview-questions\\src\\palindrome.ts": {"path":"C:\\repos\\ts\\interview-questions\\src\\palindrome.ts","statementMap":{"0":{"start":{"line":5,"column":19},"end":{"line":5,"column":null}},"1":{"start":{"line":9,"column":2},"end":{"line":9,"column":null}}},"fnMap":{"0":{"name":"isPalindrome","decl":{"start":{"line":1,"column":16},"end":{"line":1,"column":29}},"loc":{"start":{"line":1,"column":49},"end":{"line":10,"column":null}},"line":1}},"branchMap":{},"s":{"0":11,"1":11},"f":{"0":11},"b":{},"meta":{"lastBranch":0,"lastFunction":1,"lastStatement":2,"seen":{"f:1:16:1:29":0,"s:5:19:5:Infinity":0,"s:9:2:9:Infinity":1}}}
,"C:\\repos\\ts\\interview-questions\\src\\reverse.ts": {"path":"C:\\repos\\ts\\interview-questions\\src\\reverse.ts","statementMap":{"0":{"start":{"line":3,"column":2},"end":{"line":3,"column":null}},"1":{"start":{"line":8,"column":17},"end":{"line":8,"column":null}},"2":{"start":{"line":9,"column":30},"end":{"line":9,"column":null}},"3":{"start":{"line":10,"column":2},"end":{"line":12,"column":null}},"4":{"start":{"line":11,"column":4},"end":{"line":11,"column":null}},"5":{"start":{"line":13,"column":2},"end":{"line":13,"column":null}},"6":{"start":{"line":16,"column":24},"end":{"line":16,"column":null}},"7":{"start":{"line":16,"column":41},"end":{"line":16,"column":null}},"8":{"start":{"line":19,"column":18},"end":{"line":19,"column":null}},"9":{"start":{"line":20,"column":2},"end":{"line":22,"column":null}},"10":{"start":{"line":20,"column":15},"end":{"line":20,"column":27}},"11":{"start":{"line":21,"column":4},"end":{"line":21,"column":null}},"12":{"start":{"line":23,"column":2},"end":{"line":23,"column":null}}},"fnMap":{"0":{"name":"reverse","decl":{"start":{"line":1,"column":16},"end":{"line":1,"column":24}},"loc":{"start":{"line":1,"column":43},"end":{"line":4,"column":null}},"line":1},"1":{"name":"reverse2","decl":{"start":{"line":6,"column":16},"end":{"line":6,"column":25}},"loc":{"start":{"line":6,"column":44},"end":{"line":14,"column":null}},"line":6},"2":{"name":"(anonymous_2)","decl":{"start":{"line":10,"column":17},"end":{"line":10,"column":18}},"loc":{"start":{"line":10,"column":27},"end":{"line":12,"column":3}},"line":10},"3":{"name":"(anonymous_3)","decl":{"start":{"line":16,"column":24},"end":{"line":16,"column":25}},"loc":{"start":{"line":16,"column":41},"end":{"line":16,"column":null}},"line":16},"4":{"name":"reverse4","decl":{"start":{"line":18,"column":16},"end":{"line":18,"column":25}},"loc":{"start":{"line":18,"column":46},"end":{"line":24,"column":null}},"line":18}},"branchMap":{},"s":{"0":5,"1":5,"2":5,"3":5,"4":27,"5":5,"6":1,"7":5,"8":5,"9":5,"10":5,"11":27,"12":5},"f":{"0":5,"1":5,"2":27,"3":5,"4":5},"b":{},"meta":{"lastBranch":0,"lastFunction":5,"lastStatement":13,"seen":{"f:1:16:1:24":0,"s:3:2:3:Infinity":0,"f:6:16:6:25":1,"s:8:17:8:Infinity":1,"s:9:30:9:Infinity":2,"s:10:2:12:Infinity":3,"f:10:17:10:18":2,"s:11:4:11:Infinity":4,"s:13:2:13:Infinity":5,"s:16:24:16:Infinity":6,"f:16:24:16:25":3,"s:16:41:16:Infinity":7,"f:18:16:18:25":4,"s:19:18:19:Infinity":8,"s:20:2:22:Infinity":9,"s:20:15:20:27":10,"s:21:4:21:Infinity":11,"s:23:2:23:Infinity":12}}}
,"C:\\repos\\ts\\interview-questions\\src\\roman-numeral.ts": {"path":"C:\\repos\\ts\\interview-questions\\src\\roman-numeral.ts","statementMap":{"0":{"start":{"line":2,"column":22},"end":{"line":2,"column":null}},"1":{"start":{"line":3,"column":2},"end":{"line":3,"column":null}},"2":{"start":{"line":4,"column":2},"end":{"line":4,"column":null}},"3":{"start":{"line":5,"column":2},"end":{"line":5,"column":null}},"4":{"start":{"line":6,"column":2},"end":{"line":6,"column":null}},"5":{"start":{"line":7,"column":2},"end":{"line":7,"column":null}},"6":{"start":{"line":8,"column":2},"end":{"line":8,"column":null}},"7":{"start":{"line":9,"column":2},"end":{"line":9,"column":null}},"8":{"start":{"line":11,"column":12},"end":{"line":11,"column":null}},"9":{"start":{"line":13,"column":2},"end":{"line":18,"column":null}},"10":{"start":{"line":14,"column":4},"end":{"line":17,"column":null}},"11":{"start":{"line":15,"column":6},"end":{"line":15,"column":null}},"12":{"start":{"line":16,"column":6},"end":{"line":16,"column":null}},"13":{"start":{"line":21,"column":2},"end":{"line":21,"column":null}},"14":{"start":{"line":22,"column":2},"end":{"line":22,"column":null}},"15":{"start":{"line":23,"column":2},"end":{"line":23,"column":null}},"16":{"start":{"line":24,"column":2},"end":{"line":24,"column":null}},"17":{"start":{"line":25,"column":2},"end":{"line":25,"column":null}},"18":{"start":{"line":26,"column":2},"end":{"line":26,"column":null}},"19":{"start":{"line":28,"column":2},"end":{"line":28,"column":null}},"20":{"start":{"line":31,"column":34},"end":{"line":55,"column":null}},"21":{"start":{"line":32,"column":22},"end":{"line":32,"column":null}},"22":{"start":{"line":33,"column":2},"end":{"line":33,"column":null}},"23":{"start":{"line":34,"column":2},"end":{"line":34,"column":null}},"24":{"start":{"line":35,"column":2},"end":{"line":35,"column":null}},"25":{"start":{"line":36,"column":2},"end":{"line":36,"column":null}},"26":{"start":{"line":37,"column":2},"end":{"line":37,"column":null}},"27":{"start":{"line":38,"column":2},"end":{"line":38,"column":null}},"28":{"start":{"line":39,"column":2},"end":{"line":39,"column":null}},"29":{"start":{"line":40,"column":2},"end":{"line":40,"column":null}},"30":{"start":{"line":41,"column":2},"end":{"line":41,"column":null}},"31":{"start":{"line":42,"column":2},"end":{"line":42,"column":null}},"32":{"start":{"line":43,"column":2},"end":{"line":43,"column":null}},"33":{"start":{"line":44,"column":2},"end":{"line":44,"column":null}},"34":{"start":{"line":45,"column":2},"end":{"line":45,"column":null}},"35":{"start":{"line":46,"column":12},"end":{"line":46,"column":null}},"36":{"start":{"line":48,"column":2},"end":{"line":53,"column":null}},"37":{"start":{"line":49,"column":4},"end":{"line":52,"column":null}},"38":{"start":{"line":50,"column":6},"end":{"line":50,"column":null}},"39":{"start":{"line":51,"column":6},"end":{"line":51,"column":null}},"40":{"start":{"line":54,"column":2},"end":{"line":54,"column":null}},"41":{"start":{"line":57,"column":34},"end":{"line":80,"column":null}},"42":{"start":{"line":58,"column":46},"end":{"line":66,"column":null}},"43":{"start":{"line":68,"column":12},"end":{"line":68,"column":null}},"44":{"start":{"line":70,"column":2},"end":{"line":77,"column":null}},"45":{"start":{"line":73,"column":4},"end":{"line":76,"column":null}},"46":{"start":{"line":74,"column":6},"end":{"line":74,"column":null}},"47":{"start":{"line":75,"column":6},"end":{"line":75,"column":null}},"48":{"start":{"line":79,"column":2},"end":{"line":79,"column":null}},"49":{"start":{"line":83,"column":53},"end":{"line":90,"column":null}},"50":{"start":{"line":92,"column":2},"end":{"line":95,"column":null}},"51":{"start":{"line":94,"column":4},"end":{"line":94,"column":null}},"52":{"start":{"line":97,"column":2},"end":{"line":97,"column":null}},"53":{"start":{"line":100,"column":34},"end":{"line":126,"column":null}},"54":{"start":{"line":101,"column":14},"end":{"line":101,"column":null}},"55":{"start":{"line":102,"column":15},"end":{"line":116,"column":null}},"56":{"start":{"line":118,"column":14},"end":{"line":118,"column":null}},"57":{"start":{"line":119,"column":2},"end":{"line":124,"column":null}},"58":{"start":{"line":119,"column":15},"end":{"line":119,"column":18}},"59":{"start":{"line":120,"column":4},"end":{"line":123,"column":null}},"60":{"start":{"line":121,"column":6},"end":{"line":121,"column":null}},"61":{"start":{"line":122,"column":6},"end":{"line":122,"column":null}},"62":{"start":{"line":125,"column":2},"end":{"line":125,"column":null}}},"fnMap":{"0":{"name":"intToRomanNumeral","decl":{"start":{"line":1,"column":16},"end":{"line":1,"column":34}},"loc":{"start":{"line":1,"column":55},"end":{"line":29,"column":null}},"line":1},"1":{"name":"(anonymous_1)","decl":{"start":{"line":13,"column":22},"end":{"line":13,"column":23}},"loc":{"start":{"line":13,"column":36},"end":{"line":18,"column":3}},"line":13},"2":{"name":"(anonymous_2)","decl":{"start":{"line":31,"column":34},"end":{"line":31,"column":35}},"loc":{"start":{"line":31,"column":59},"end":{"line":55,"column":null}},"line":31},"3":{"name":"(anonymous_3)","decl":{"start":{"line":48,"column":22},"end":{"line":48,"column":23}},"loc":{"start":{"line":48,"column":36},"end":{"line":53,"column":3}},"line":48},"4":{"name":"(anonymous_4)","decl":{"start":{"line":57,"column":34},"end":{"line":57,"column":35}},"loc":{"start":{"line":57,"column":59},"end":{"line":80,"column":null}},"line":57},"5":{"name":"replaceInvalidRomanNumerals","decl":{"start":{"line":82,"column":9},"end":{"line":82,"column":37}},"loc":{"start":{"line":82,"column":58},"end":{"line":98,"column":null}},"line":82},"6":{"name":"(anonymous_6)","decl":{"start":{"line":100,"column":34},"end":{"line":100,"column":35}},"loc":{"start":{"line":100,"column":59},"end":{"line":126,"column":null}},"line":100}},"branchMap":{},"s":{"0":22,"1":22,"2":22,"3":22,"4":22,"5":22,"6":22,"7":22,"8":22,"9":22,"10":154,"11":106,"12":106,"13":22,"14":22,"15":22,"16":22,"17":22,"18":22,"19":22,"20":1,"21":17,"22":17,"23":17,"24":17,"25":17,"26":17,"27":17,"28":17,"29":17,"30":17,"31":17,"32":17,"33":17,"34":17,"35":17,"36":17,"37":221,"38":53,"39":53,"40":17,"41":1,"42":17,"43":17,"44":17,"45":119,"46":99,"47":99,"48":17,"49":17,"50":17,"51":102,"52":17,"53":1,"54":17,"55":17,"56":17,"57":17,"58":17,"59":221,"60":53,"61":53,"62":17},"f":{"0":22,"1":154,"2":17,"3":221,"4":17,"5":17,"6":17},"b":{},"meta":{"lastBranch":0,"lastFunction":7,"lastStatement":63,"seen":{"f:1:16:1:34":0,"s:2:22:2:Infinity":0,"s:3:2:3:Infinity":1,"s:4:2:4:Infinity":2,"s:5:2:5:Infinity":3,"s:6:2:6:Infinity":4,"s:7:2:7:Infinity":5,"s:8:2:8:Infinity":6,"s:9:2:9:Infinity":7,"s:11:12:11:Infinity":8,"s:13:2:18:Infinity":9,"f:13:22:13:23":1,"s:14:4:17:Infinity":10,"s:15:6:15:Infinity":11,"s:16:6:16:Infinity":12,"s:21:2:21:Infinity":13,"s:22:2:22:Infinity":14,"s:23:2:23:Infinity":15,"s:24:2:24:Infinity":16,"s:25:2:25:Infinity":17,"s:26:2:26:Infinity":18,"s:28:2:28:Infinity":19,"s:31:34:55:Infinity":20,"f:31:34:31:35":2,"s:32:22:32:Infinity":21,"s:33:2:33:Infinity":22,"s:34:2:34:Infinity":23,"s:35:2:35:Infinity":24,"s:36:2:36:Infinity":25,"s:37:2:37:Infinity":26,"s:38:2:38:Infinity":27,"s:39:2:39:Infinity":28,"s:40:2:40:Infinity":29,"s:41:2:41:Infinity":30,"s:42:2:42:Infinity":31,"s:43:2:43:Infinity":32,"s:44:2:44:Infinity":33,"s:45:2:45:Infinity":34,"s:46:12:46:Infinity":35,"s:48:2:53:Infinity":36,"f:48:22:48:23":3,"s:49:4:52:Infinity":37,"s:50:6:50:Infinity":38,"s:51:6:51:Infinity":39,"s:54:2:54:Infinity":40,"s:57:34:80:Infinity":41,"f:57:34:57:35":4,"s:58:46:66:Infinity":42,"s:68:12:68:Infinity":43,"s:70:2:77:Infinity":44,"s:73:4:76:Infinity":45,"s:74:6:74:Infinity":46,"s:75:6:75:Infinity":47,"s:79:2:79:Infinity":48,"f:82:9:82:37":5,"s:83:53:90:Infinity":49,"s:92:2:95:Infinity":50,"s:94:4:94:Infinity":51,"s:97:2:97:Infinity":52,"s:100:34:126:Infinity":53,"f:100:34:100:35":6,"s:101:14:101:Infinity":54,"s:102:15:116:Infinity":55,"s:118:14:118:Infinity":56,"s:119:2:124:Infinity":57,"s:119:15:119:18":58,"s:120:4:123:Infinity":59,"s:121:6:121:Infinity":60,"s:122:6:122:Infinity":61,"s:125:2:125:Infinity":62}}}
,"C:\\repos\\ts\\interview-questions\\src\\rotate-array.ts": {"path":"C:\\repos\\ts\\interview-questions\\src\\rotate-array.ts","statementMap":{"0":{"start":{"line":4,"column":2},"end":{"line":9,"column":null}},"1":{"start":{"line":4,"column":18},"end":{"line":4,"column":21}},"2":{"start":{"line":5,"column":24},"end":{"line":5,"column":null}},"3":{"start":{"line":6,"column":4},"end":{"line":8,"column":null}},"4":{"start":{"line":7,"column":6},"end":{"line":7,"column":null}},"5":{"start":{"line":11,"column":2},"end":{"line":11,"column":null}},"6":{"start":{"line":15,"column":2},"end":{"line":20,"column":null}},"7":{"start":{"line":15,"column":15},"end":{"line":15,"column":28}},"8":{"start":{"line":16,"column":24},"end":{"line":16,"column":null}},"9":{"start":{"line":17,"column":4},"end":{"line":19,"column":null}},"10":{"start":{"line":18,"column":6},"end":{"line":18,"column":null}},"11":{"start":{"line":21,"column":2},"end":{"line":21,"column":null}}},"fnMap":{"0":{"name":"rotateArray","decl":{"start":{"line":3,"column":16},"end":{"line":3,"column":28}},"loc":{"start":{"line":3,"column":65},"end":{"line":12,"column":null}},"line":3},"1":{"name":"rotateArray2","decl":{"start":{"line":14,"column":16},"end":{"line":14,"column":29}},"loc":{"start":{"line":14,"column":66},"end":{"line":22,"column":null}},"line":14}},"branchMap":{"0":{"loc":{"start":{"line":6,"column":4},"end":{"line":8,"column":null}},"type":"if","locations":[{"start":{"line":6,"column":4},"end":{"line":8,"column":null}},{"start":{},"end":{}}],"line":6},"1":{"loc":{"start":{"line":17,"column":4},"end":{"line":19,"column":null}},"type":"if","locations":[{"start":{"line":17,"column":4},"end":{"line":19,"column":null}},{"start":{},"end":{}}],"line":17}},"s":{"0":3,"1":3,"2":5,"3":5,"4":5,"5":3,"6":3,"7":3,"8":5,"9":5,"10":5,"11":3},"f":{"0":3,"1":3},"b":{"0":[5,0],"1":[5,0]},"meta":{"lastBranch":2,"lastFunction":2,"lastStatement":12,"seen":{"f:3:16:3:28":0,"s:4:2:9:Infinity":0,"s:4:18:4:21":1,"s:5:24:5:Infinity":2,"b:6:4:8:Infinity:undefined:undefined:undefined:undefined":0,"s:6:4:8:Infinity":3,"s:7:6:7:Infinity":4,"s:11:2:11:Infinity":5,"f:14:16:14:29":1,"s:15:2:20:Infinity":6,"s:15:15:15:28":7,"s:16:24:16:Infinity":8,"b:17:4:19:Infinity:undefined:undefined:undefined:undefined":1,"s:17:4:19:Infinity":9,"s:18:6:18:Infinity":10,"s:21:2:21:Infinity":11}}}
,"C:\\repos\\ts\\interview-questions\\src\\sorting-type.ts": {"path":"C:\\repos\\ts\\interview-questions\\src\\sorting-type.ts","statementMap":{"0":{"start":{"line":9,"column":4},"end":{"line":9,"column":null}},"1":{"start":{"line":14,"column":4},"end":{"line":14,"column":null}},"2":{"start":{"line":17,"column":15},"end":{"line":17,"column":null}},"3":{"start":{"line":19,"column":2},"end":{"line":25,"column":null}},"4":{"start":{"line":20,"column":4},"end":{"line":20,"column":null}},"5":{"start":{"line":21,"column":2},"end":{"line":25,"column":null}},"6":{"start":{"line":22,"column":4},"end":{"line":22,"column":null}},"7":{"start":{"line":24,"column":4},"end":{"line":24,"column":null}},"8":{"start":{"line":27,"column":2},"end":{"line":33,"column":null}},"9":{"start":{"line":27,"column":15},"end":{"line":27,"column":18}},"10":{"start":{"line":28,"column":4},"end":{"line":32,"column":null}},"11":{"start":{"line":29,"column":6},"end":{"line":29,"column":null}},"12":{"start":{"line":30,"column":4},"end":{"line":32,"column":null}},"13":{"start":{"line":31,"column":6},"end":{"line":31,"column":null}},"14":{"start":{"line":35,"column":2},"end":{"line":35,"column":null}},"15":{"start":{"line":45,"column":2},"end":{"line":47,"column":null}},"16":{"start":{"line":46,"column":4},"end":{"line":46,"column":null}},"17":{"start":{"line":49,"column":2},"end":{"line":51,"column":null}},"18":{"start":{"line":50,"column":4},"end":{"line":50,"column":null}},"19":{"start":{"line":53,"column":15},"end":{"line":53,"column":null}},"20":{"start":{"line":55,"column":2},"end":{"line":61,"column":null}},"21":{"start":{"line":56,"column":4},"end":{"line":56,"column":null}},"22":{"start":{"line":57,"column":2},"end":{"line":61,"column":null}},"23":{"start":{"line":58,"column":4},"end":{"line":58,"column":null}},"24":{"start":{"line":60,"column":4},"end":{"line":60,"column":null}},"25":{"start":{"line":63,"column":2},"end":{"line":69,"column":null}},"26":{"start":{"line":63,"column":15},"end":{"line":63,"column":18}},"27":{"start":{"line":64,"column":4},"end":{"line":68,"column":null}},"28":{"start":{"line":65,"column":6},"end":{"line":65,"column":null}},"29":{"start":{"line":66,"column":4},"end":{"line":68,"column":null}},"30":{"start":{"line":67,"column":6},"end":{"line":67,"column":null}},"31":{"start":{"line":71,"column":2},"end":{"line":71,"column":null}}},"fnMap":{"0":{"name":"sortingType","decl":{"start":{"line":6,"column":16},"end":{"line":6,"column":28}},"loc":{"start":{"line":6,"column":49},"end":{"line":36,"column":null}},"line":6},"1":{"name":"isAscending","decl":{"start":{"line":7,"column":11},"end":{"line":7,"column":23}},"loc":{"start":{"line":7,"column":45},"end":{"line":10,"column":null}},"line":7},"2":{"name":"isDescending","decl":{"start":{"line":12,"column":11},"end":{"line":12,"column":24}},"loc":{"start":{"line":12,"column":46},"end":{"line":15,"column":null}},"line":12},"3":{"name":"sortingType2","decl":{"start":{"line":38,"column":16},"end":{"line":38,"column":29}},"loc":{"start":{"line":38,"column":50},"end":{"line":72,"column":null}},"line":38},"4":{"name":"(anonymous_4)","decl":{"start":{"line":45,"column":16},"end":{"line":45,"column":26}},"loc":{"start":{"line":45,"column":32},"end":{"line":47,"column":null}},"line":45},"5":{"name":"(anonymous_5)","decl":{"start":{"line":49,"column":17},"end":{"line":49,"column":27}},"loc":{"start":{"line":49,"column":33},"end":{"line":51,"column":null}},"line":49}},"branchMap":{"0":{"loc":{"start":{"line":19,"column":2},"end":{"line":25,"column":null}},"type":"if","locations":[{"start":{"line":19,"column":2},"end":{"line":25,"column":null}},{"start":{"line":21,"column":2},"end":{"line":25,"column":null}}],"line":19},"1":{"loc":{"start":{"line":21,"column":2},"end":{"line":25,"column":null}},"type":"if","locations":[{"start":{"line":21,"column":2},"end":{"line":25,"column":null}},{"start":{"line":23,"column":9},"end":{"line":25,"column":null}}],"line":21},"2":{"loc":{"start":{"line":28,"column":4},"end":{"line":32,"column":null}},"type":"if","locations":[{"start":{"line":28,"column":4},"end":{"line":32,"column":null}},{"start":{"line":30,"column":4},"end":{"line":32,"column":null}}],"line":28},"3":{"loc":{"start":{"line":28,"column":8},"end":{"line":28,"column":54}},"type":"binary-expr","locations":[{"start":{"line":28,"column":8},"end":{"line":28,"column":24}},{"start":{"line":28,"column":24},"end":{"line":28,"column":54}}],"line":28},"4":{"loc":{"start":{"line":30,"column":4},"end":{"line":32,"column":null}},"type":"if","locations":[{"start":{"line":30,"column":4},"end":{"line":32,"column":null}},{"start":{},"end":{}}],"line":30},"5":{"loc":{"start":{"line":30,"column":15},"end":{"line":30,"column":63}},"type":"binary-expr","locations":[{"start":{"line":30,"column":15},"end":{"line":30,"column":32}},{"start":{"line":30,"column":32},"end":{"line":30,"column":63}}],"line":30},"6":{"loc":{"start":{"line":55,"column":2},"end":{"line":61,"column":null}},"type":"if","locations":[{"start":{"line":55,"column":2},"end":{"line":61,"column":null}},{"start":{"line":57,"column":2},"end":{"line":61,"column":null}}],"line":55},"7":{"loc":{"start":{"line":57,"column":2},"end":{"line":61,"column":null}},"type":"if","locations":[{"start":{"line":57,"column":2},"end":{"line":61,"column":null}},{"start":{"line":59,"column":9},"end":{"line":61,"column":null}}],"line":57},"8":{"loc":{"start":{"line":64,"column":4},"end":{"line":68,"column":null}},"type":"if","locations":[{"start":{"line":64,"column":4},"end":{"line":68,"column":null}},{"start":{"line":66,"column":4},"end":{"line":68,"column":null}}],"line":64},"9":{"loc":{"start":{"line":64,"column":8},"end":{"line":64,"column":54}},"type":"binary-expr","locations":[{"start":{"line":64,"column":8},"end":{"line":64,"column":24}},{"start":{"line":64,"column":24},"end":{"line":64,"column":54}}],"line":64},"10":{"loc":{"start":{"line":66,"column":4},"end":{"line":68,"column":null}},"type":"if","locations":[{"start":{"line":66,"column":4},"end":{"line":68,"column":null}},{"start":{},"end":{}}],"line":66},"11":{"loc":{"start":{"line":66,"column":15},"end":{"line":66,"column":63}},"type":"binary-expr","locations":[{"start":{"line":66,"column":15},"end":{"line":66,"column":32}},{"start":{"line":66,"column":32},"end":{"line":66,"column":63}}],"line":66}},"s":{"0":15,"1":12,"2":10,"3":10,"4":5,"5":5,"6":5,"7":0,"8":10,"9":10,"10":12,"11":1,"12":11,"13":2,"14":7,"15":10,"16":15,"17":10,"18":12,"19":10,"20":10,"21":5,"22":5,"23":5,"24":0,"25":10,"26":10,"27":12,"28":1,"29":11,"30":2,"31":7},"f":{"0":10,"1":15,"2":12,"3":10,"4":15,"5":12},"b":{"0":[5,5],"1":[5,0],"2":[1,11],"3":[12,5],"4":[2,9],"5":[11,7],"6":[5,5],"7":[5,0],"8":[1,11],"9":[12,5],"10":[2,9],"11":[11,7]},"meta":{"lastBranch":12,"lastFunction":6,"lastStatement":32,"seen":{"f:6:16:6:28":0,"f:7:11:7:23":1,"s:9:4:9:Infinity":0,"f:12:11:12:24":2,"s:14:4:14:Infinity":1,"s:17:15:17:Infinity":2,"b:19:2:25:Infinity:21:2:25:Infinity":0,"s:19:2:25:Infinity":3,"s:20:4:20:Infinity":4,"b:21:2:25:Infinity:23:9:25:Infinity":1,"s:21:2:25:Infinity":5,"s:22:4:22:Infinity":6,"s:24:4:24:Infinity":7,"s:27:2:33:Infinity":8,"s:27:15:27:18":9,"b:28:4:32:Infinity:30:4:32:Infinity":2,"s:28:4:32:Infinity":10,"b:28:8:28:24:28:24:28:54":3,"s:29:6:29:Infinity":11,"b:30:4:32:Infinity:undefined:undefined:undefined:undefined":4,"s:30:4:32:Infinity":12,"b:30:15:30:32:30:32:30:63":5,"s:31:6:31:Infinity":13,"s:35:2:35:Infinity":14,"f:38:16:38:29":3,"s:45:2:47:Infinity":15,"f:45:16:45:26":4,"s:46:4:46:Infinity":16,"s:49:2:51:Infinity":17,"f:49:17:49:27":5,"s:50:4:50:Infinity":18,"s:53:15:53:Infinity":19,"b:55:2:61:Infinity:57:2:61:Infinity":6,"s:55:2:61:Infinity":20,"s:56:4:56:Infinity":21,"b:57:2:61:Infinity:59:9:61:Infinity":7,"s:57:2:61:Infinity":22,"s:58:4:58:Infinity":23,"s:60:4:60:Infinity":24,"s:63:2:69:Infinity":25,"s:63:15:63:18":26,"b:64:4:68:Infinity:66:4:68:Infinity":8,"s:64:4:68:Infinity":27,"b:64:8:64:24:64:24:64:54":9,"s:65:6:65:Infinity":28,"b:66:4:68:Infinity:undefined:undefined:undefined:undefined":10,"s:66:4:68:Infinity":29,"b:66:15:66:32:66:32:66:63":11,"s:67:6:67:Infinity":30,"s:71:2:71:Infinity":31}}}
,"C:\\repos\\ts\\interview-questions\\src\\square.ts": {"path":"C:\\repos\\ts\\interview-questions\\src\\square.ts","statementMap":{"0":{"start":{"line":2,"column":2},"end":{"line":2,"column":null}},"1":{"start":{"line":6,"column":2},"end":{"line":6,"column":null}}},"fnMap":{"0":{"name":"square","decl":{"start":{"line":1,"column":16},"end":{"line":1,"column":23}},"loc":{"start":{"line":1,"column":44},"end":{"line":3,"column":null}},"line":1},"1":{"name":"square2","decl":{"start":{"line":5,"column":16},"end":{"line":5,"column":24}},"loc":{"start":{"line":5,"column":45},"end":{"line":7,"column":null}},"line":5}},"branchMap":{},"s":{"0":5,"1":5},"f":{"0":5,"1":5},"b":{},"meta":{"lastBranch":0,"lastFunction":2,"lastStatement":2,"seen":{"f:1:16:1:23":0,"s:2:2:2:Infinity":0,"f:5:16:5:24":1,"s:6:2:6:Infinity":1}}}
,"C:\\repos\\ts\\interview-questions\\src\\sum-digits.ts": {"path":"C:\\repos\\ts\\interview-questions\\src\\sum-digits.ts","statementMap":{"0":{"start":{"line":3,"column":2},"end":{"line":7,"column":null}},"1":{"start":{"line":7,"column":28},"end":{"line":7,"column":51}},"2":{"start":{"line":12,"column":10},"end":{"line":12,"column":null}},"3":{"start":{"line":13,"column":15},"end":{"line":13,"column":null}},"4":{"start":{"line":16,"column":12},"end":{"line":16,"column":null}},"5":{"start":{"line":17,"column":2},"end":{"line":21,"column":null}},"6":{"start":{"line":18,"column":4},"end":{"line":20,"column":null}},"7":{"start":{"line":19,"column":6},"end":{"line":19,"column":null}},"8":{"start":{"line":24,"column":2},"end":{"line":24,"column":null}},"9":{"start":{"line":29,"column":12},"end":{"line":29,"column":null}},"10":{"start":{"line":30,"column":2},"end":{"line":36,"column":null}},"11":{"start":{"line":30,"column":15},"end":{"line":30,"column":18}},"12":{"start":{"line":32,"column":4},"end":{"line":35,"column":null}},"13":{"start":{"line":34,"column":6},"end":{"line":34,"column":null}},"14":{"start":{"line":38,"column":2},"end":{"line":38,"column":null}},"15":{"start":{"line":43,"column":14},"end":{"line":43,"column":null}},"16":{"start":{"line":44,"column":2},"end":{"line":47,"column":null}},"17":{"start":{"line":45,"column":21},"end":{"line":45,"column":null}},"18":{"start":{"line":52,"column":21},"end":{"line":55,"column":null}},"19":{"start":{"line":57,"column":19},"end":{"line":57,"column":null}},"20":{"start":{"line":62,"column":2},"end":{"line":62,"column":null}},"21":{"start":{"line":62,"column":42},"end":{"line":62,"column":55}},"22":{"start":{"line":67,"column":21},"end":{"line":70,"column":null}},"23":{"start":{"line":72,"column":19},"end":{"line":72,"column":null}},"24":{"start":{"line":77,"column":14},"end":{"line":77,"column":null}},"25":{"start":{"line":78,"column":2},"end":{"line":80,"column":null}},"26":{"start":{"line":79,"column":4},"end":{"line":79,"column":null}},"27":{"start":{"line":81,"column":2},"end":{"line":81,"column":null}}},"fnMap":{"0":{"name":"sumDigits","decl":{"start":{"line":1,"column":16},"end":{"line":1,"column":26}},"loc":{"start":{"line":1,"column":47},"end":{"line":8,"column":null}},"line":1},"1":{"name":"(anonymous_1)","decl":{"start":{"line":7,"column":12},"end":{"line":7,"column":13}},"loc":{"start":{"line":7,"column":28},"end":{"line":7,"column":51}},"line":7},"2":{"name":"sumDigits2","decl":{"start":{"line":10,"column":16},"end":{"line":10,"column":27}},"loc":{"start":{"line":10,"column":48},"end":{"line":25,"column":null}},"line":10},"3":{"name":"(anonymous_3)","decl":{"start":{"line":17,"column":13},"end":{"line":17,"column":14}},"loc":{"start":{"line":17,"column":20},"end":{"line":21,"column":3}},"line":17},"4":{"name":"sumDigits3","decl":{"start":{"line":27,"column":16},"end":{"line":27,"column":27}},"loc":{"start":{"line":27,"column":46},"end":{"line":39,"column":null}},"line":27},"5":{"name":"sumDigits4","decl":{"start":{"line":41,"column":16},"end":{"line":41,"column":27}},"loc":{"start":{"line":41,"column":46},"end":{"line":48,"column":null}},"line":41},"6":{"name":"(anonymous_6)","decl":{"start":{"line":45,"column":4},"end":{"line":45,"column":5}},"loc":{"start":{"line":45,"column":21},"end":{"line":45,"column":null}},"line":45},"7":{"name":"sumDigits5","decl":{"start":{"line":50,"column":16},"end":{"line":50,"column":27}},"loc":{"start":{"line":50,"column":46},"end":{"line":63,"column":null}},"line":50},"8":{"name":"(anonymous_8)","decl":{"start":{"line":62,"column":25},"end":{"line":62,"column":26}},"loc":{"start":{"line":62,"column":42},"end":{"line":62,"column":55}},"line":62},"9":{"name":"sumDigits6","decl":{"start":{"line":65,"column":16},"end":{"line":65,"column":27}},"loc":{"start":{"line":65,"column":46},"end":{"line":82,"column":null}},"line":65},"10":{"name":"(anonymous_10)","decl":{"start":{"line":78,"column":19},"end":{"line":78,"column":20}},"loc":{"start":{"line":78,"column":30},"end":{"line":80,"column":3}},"line":78}},"branchMap":{"0":{"loc":{"start":{"line":18,"column":4},"end":{"line":20,"column":null}},"type":"if","locations":[{"start":{"line":18,"column":4},"end":{"line":20,"column":null}},{"start":{},"end":{}}],"line":18},"1":{"loc":{"start":{"line":32,"column":4},"end":{"line":35,"column":null}},"type":"if","locations":[{"start":{"line":32,"column":4},"end":{"line":35,"column":null}},{"start":{},"end":{}}],"line":32},"2":{"loc":{"start":{"line":45,"column":21},"end":{"line":45,"column":null}},"type":"cond-expr","locations":[{"start":{"line":45,"column":45},"end":{"line":45,"column":67}},{"start":{"line":45,"column":67},"end":{"line":45,"column":null}}],"line":45}},"s":{"0":7,"1":15,"2":7,"3":7,"4":7,"5":7,"6":20,"7":14,"8":7,"9":7,"10":7,"11":7,"12":20,"13":15,"14":7,"15":7,"16":7,"17":20,"18":7,"19":7,"20":7,"21":8,"22":7,"23":7,"24":7,"25":7,"26":15,"27":7},"f":{"0":7,"1":15,"2":7,"3":20,"4":7,"5":7,"6":20,"7":7,"8":8,"9":7,"10":15},"b":{"0":[14,6],"1":[15,5],"2":[15,5]},"meta":{"lastBranch":3,"lastFunction":11,"lastStatement":28,"seen":{"f:1:16:1:26":0,"s:3:2:7:Infinity":0,"f:7:12:7:13":1,"s:7:28:7:51":1,"f:10:16:10:27":2,"s:12:10:12:Infinity":2,"s:13:15:13:Infinity":3,"s:16:12:16:Infinity":4,"s:17:2:21:Infinity":5,"f:17:13:17:14":3,"b:18:4:20:Infinity:undefined:undefined:undefined:undefined":0,"s:18:4:20:Infinity":6,"s:19:6:19:Infinity":7,"s:24:2:24:Infinity":8,"f:27:16:27:27":4,"s:29:12:29:Infinity":9,"s:30:2:36:Infinity":10,"s:30:15:30:18":11,"b:32:4:35:Infinity:undefined:undefined:undefined:undefined":1,"s:32:4:35:Infinity":12,"s:34:6:34:Infinity":13,"s:38:2:38:Infinity":14,"f:41:16:41:27":5,"s:43:14:43:Infinity":15,"s:44:2:47:Infinity":16,"f:45:4:45:5":6,"s:45:21:45:Infinity":17,"b:45:45:45:67:45:67:45:Infinity":2,"f:50:16:50:27":7,"s:52:21:55:Infinity":18,"s:57:19:57:Infinity":19,"s:62:2:62:Infinity":20,"f:62:25:62:26":8,"s:62:42:62:55":21,"f:65:16:65:27":9,"s:67:21:70:Infinity":22,"s:72:19:72:Infinity":23,"s:77:14:77:Infinity":24,"s:78:2:80:Infinity":25,"f:78:19:78:20":10,"s:79:4:79:Infinity":26,"s:81:2:81:Infinity":27}}}
,"C:\\repos\\ts\\interview-questions\\src\\sum-fibonacci.ts": {"path":"C:\\repos\\ts\\interview-questions\\src\\sum-fibonacci.ts","statementMap":{"0":{"start":{"line":3,"column":2},"end":{"line":6,"column":null}},"1":{"start":{"line":4,"column":19},"end":{"line":4,"column":null}}},"fnMap":{"0":{"name":"sumFibonacci","decl":{"start":{"line":1,"column":16},"end":{"line":1,"column":29}},"loc":{"start":{"line":1,"column":54},"end":{"line":7,"column":null}},"line":1},"1":{"name":"(anonymous_1)","decl":{"start":{"line":4,"column":4},"end":{"line":4,"column":5}},"loc":{"start":{"line":4,"column":19},"end":{"line":4,"column":null}},"line":4}},"branchMap":{"0":{"loc":{"start":{"line":4,"column":19},"end":{"line":4,"column":null}},"type":"cond-expr","locations":[{"start":{"line":4,"column":44},"end":{"line":4,"column":56}},{"start":{"line":4,"column":56},"end":{"line":4,"column":null}}],"line":4},"1":{"loc":{"start":{"line":4,"column":19},"end":{"line":4,"column":44}},"type":"binary-expr","locations":[{"start":{"line":4,"column":19},"end":{"line":4,"column":32}},{"start":{"line":4,"column":32},"end":{"line":4,"column":44}}],"line":4}},"s":{"0":1,"1":13},"f":{"0":1,"1":13},"b":{"0":[5,8],"1":[13,6]},"meta":{"lastBranch":2,"lastFunction":2,"lastStatement":2,"seen":{"f:1:16:1:29":0,"s:3:2:6:Infinity":0,"f:4:4:4:5":1,"s:4:19:4:Infinity":1,"b:4:44:4:56:4:56:4:Infinity":0,"b:4:19:4:32:4:32:4:44":1}}}
,"C:\\repos\\ts\\interview-questions\\src\\two-sum.ts": {"path":"C:\\repos\\ts\\interview-questions\\src\\two-sum.ts","statementMap":{"0":{"start":{"line":5,"column":2},"end":{"line":11,"column":null}},"1":{"start":{"line":5,"column":15},"end":{"line":5,"column":18}},"2":{"start":{"line":6,"column":4},"end":{"line":10,"column":null}},"3":{"start":{"line":6,"column":17},"end":{"line":6,"column":24}},"4":{"start":{"line":7,"column":6},"end":{"line":9,"column":null}},"5":{"start":{"line":8,"column":8},"end":{"line":8,"column":null}},"6":{"start":{"line":12,"column":2},"end":{"line":12,"column":null}}},"fnMap":{"0":{"name":"twoSum","decl":{"start":{"line":4,"column":16},"end":{"line":4,"column":23}},"loc":{"start":{"line":4,"column":65},"end":{"line":13,"column":null}},"line":4}},"branchMap":{"0":{"loc":{"start":{"line":7,"column":6},"end":{"line":9,"column":null}},"type":"if","locations":[{"start":{"line":7,"column":6},"end":{"line":9,"column":null}},{"start":{},"end":{}}],"line":7}},"s":{"0":6,"1":6,"2":7,"3":7,"4":19,"5":5,"6":1},"f":{"0":6},"b":{"0":[5,14]},"meta":{"lastBranch":1,"lastFunction":1,"lastStatement":7,"seen":{"f:4:16:4:23":0,"s:5:2:11:Infinity":0,"s:5:15:5:18":1,"s:6:4:10:Infinity":2,"s:6:17:6:24":3,"b:7:6:9:Infinity:undefined:undefined:undefined:undefined":0,"s:7:6:9:Infinity":4,"s:8:8:8:Infinity":5,"s:12:2:12:Infinity":6}}}
}
